2020-10-21T22:09:28-0400 [INFO    ] dandi Traversing remote dandisets (000039) recursively
2020-10-21T22:09:28-0400 [INFO    ] backups2datalad.py Updating metadata file
2020-10-21T22:09:35-0400 [INFO    ] backups2datalad.py Syncing asset /sub-661968859/sub-661968859_ses-682746585_behavior+ophys.nwb
2020-10-21T22:09:35-0400 [INFO    ] backups2datalad.py Asset not in dataset; will copy
2020-10-21T22:09:35-0400 [INFO    ] backups2datalad.py cp /mnt/backup/dandi/dandiarchive-s3-backup/girder-assetstore/c3/70/c3704d190c074f43ad88974a438fa5d7 -> /mnt/backup/dandi/dandisets/000039/sub-661968859/sub-661968859_ses-682746585_behavior+ophys.nwb
2020-10-21T22:09:35-0400 [INFO    ] backups2datalad.py Adding asset to dataset
2020-10-21T22:09:36-0400 [INFO    ] backups2datalad.py Adding URL https://dandiarchive.s3.amazonaws.com/girder-assetstore/c3/70/c3704d190c074f43ad88974a438fa5d7?versionId=IivXnAFSAiTDq5O4uh0pb31iTU3UNfHR to asset
2020-10-21T22:09:36-0400 [INFO    ] backups2datalad.py Syncing asset /sub-664605504/sub-664605504_ses-694856258_behavior+ophys.nwb
2020-10-21T22:09:37-0400 [INFO    ] backups2datalad.py Asset not in dataset; will copy
2020-10-21T22:09:37-0400 [INFO    ] backups2datalad.py cp /mnt/backup/dandi/dandiarchive-s3-backup/girder-assetstore/7f/e5/7fe530297ad145cda73b68b02040e303 -> /mnt/backup/dandi/dandisets/000039/sub-664605504/sub-664605504_ses-694856258_behavior+ophys.nwb
2020-10-21T22:09:37-0400 [INFO    ] backups2datalad.py Adding asset to dataset
2020-10-21T22:09:37-0400 [INFO    ] backups2datalad.py Adding URL https://dandiarchive.s3.amazonaws.com/girder-assetstore/7f/e5/7fe530297ad145cda73b68b02040e303?versionId=6eGI2JkMtSfi890YdBTs_eeOFYWEHT7b to asset
2020-10-21T22:09:38-0400 [INFO    ] backups2datalad.py Syncing asset /sub-664605504/sub-664605504_ses-695462675_behavior+ophys.nwb
2020-10-21T22:09:38-0400 [INFO    ] backups2datalad.py Asset not in dataset; will copy
2020-10-21T22:09:38-0400 [INFO    ] backups2datalad.py cp /mnt/backup/dandi/dandiarchive-s3-backup/girder-assetstore/83/0f/830fa803c9d64614b5feadec291ece3f -> /mnt/backup/dandi/dandisets/000039/sub-664605504/sub-664605504_ses-695462675_behavior+ophys.nwb
2020-10-21T22:09:38-0400 [INFO    ] backups2datalad.py Adding asset to dataset
2020-10-21T22:09:38-0400 [INFO    ] backups2datalad.py Adding URL https://dandiarchive.s3.amazonaws.com/girder-assetstore/83/0f/830fa803c9d64614b5feadec291ece3f?versionId=K.OH_d63a4AZCxeBUpWoRBqgkIJU8Wzt to asset
2020-10-21T22:09:39-0400 [INFO    ] backups2datalad.py Syncing asset /sub-664605504/sub-664605504_ses-696537321_behavior+ophys.nwb
2020-10-21T22:09:39-0400 [INFO    ] backups2datalad.py Asset not in dataset; will copy
2020-10-21T22:09:39-0400 [INFO    ] backups2datalad.py cp /mnt/backup/dandi/dandiarchive-s3-backup/girder-assetstore/93/93/939385a83cb14395a16e132672a44e8e -> /mnt/backup/dandi/dandisets/000039/sub-664605504/sub-664605504_ses-696537321_behavior+ophys.nwb
2020-10-21T22:09:39-0400 [INFO    ] backups2datalad.py Adding asset to dataset
2020-10-21T22:09:40-0400 [INFO    ] backups2datalad.py Adding URL https://dandiarchive.s3.amazonaws.com/girder-assetstore/93/93/939385a83cb14395a16e132672a44e8e?versionId=ObYdqrYqZh3iHa67HdgWOyYVxbBQ_oLo to asset
2020-10-21T22:09:41-0400 [INFO    ] backups2datalad.py Syncing asset /sub-666788991/sub-666788991_ses-686569087_behavior+ophys.nwb
2020-10-21T22:09:41-0400 [INFO    ] backups2datalad.py Asset not in dataset; will copy
2020-10-21T22:09:41-0400 [INFO    ] backups2datalad.py cp /mnt/backup/dandi/dandiarchive-s3-backup/girder-assetstore/88/15/88153361679041d3b7ec0a2655e9f3cc -> /mnt/backup/dandi/dandisets/000039/sub-666788991/sub-666788991_ses-686569087_behavior+ophys.nwb
2020-10-21T22:09:41-0400 [INFO    ] backups2datalad.py Adding asset to dataset
2020-10-21T22:09:42-0400 [INFO    ] backups2datalad.py Adding URL https://dandiarchive.s3.amazonaws.com/girder-assetstore/88/15/88153361679041d3b7ec0a2655e9f3cc?versionId=COCVBzdrwevo6.r4u4U1K2dbxgA4jQqj to asset
2020-10-21T22:09:42-0400 [INFO    ] backups2datalad.py Syncing asset /sub-666839638/sub-666839638_ses-692796041_behavior+ophys.nwb
2020-10-21T22:09:43-0400 [INFO    ] backups2datalad.py Asset not in dataset; will copy
2020-10-21T22:09:43-0400 [INFO    ] backups2datalad.py cp /mnt/backup/dandi/dandiarchive-s3-backup/girder-assetstore/d7/3a/d73af9a59ec247e7a5d7370b6574d165 -> /mnt/backup/dandi/dandisets/000039/sub-666839638/sub-666839638_ses-692796041_behavior+ophys.nwb
2020-10-21T22:09:44-0400 [INFO    ] backups2datalad.py Adding asset to dataset
2020-10-21T22:09:49-0400 [INFO    ] backups2datalad.py Adding URL https://dandiarchive.s3.amazonaws.com/girder-assetstore/d7/3a/d73af9a59ec247e7a5d7370b6574d165?versionId=RodgpcyyJS5dWXxYIfYVvj5xyy2kHBwv to asset
2020-10-21T22:09:49-0400 [INFO    ] backups2datalad.py Syncing asset /sub-666839638/sub-666839638_ses-693268220_behavior+ophys.nwb
2020-10-21T22:09:49-0400 [INFO    ] backups2datalad.py Asset not in dataset; will copy
2020-10-21T22:09:49-0400 [INFO    ] backups2datalad.py cp /mnt/backup/dandi/dandiarchive-s3-backup/girder-assetstore/75/1b/751bcec98a764b34843da121a98e9204 -> /mnt/backup/dandi/dandisets/000039/sub-666839638/sub-666839638_ses-693268220_behavior+ophys.nwb
2020-10-21T22:09:50-0400 [INFO    ] backups2datalad.py Adding asset to dataset
2020-10-21T22:09:54-0400 [INFO    ] backups2datalad.py Adding URL https://dandiarchive.s3.amazonaws.com/girder-assetstore/75/1b/751bcec98a764b34843da121a98e9204?versionId=wyCeQnHHpUCeVM2SnFtxvpph9peKN3m6 to asset
2020-10-21T22:09:54-0400 [INFO    ] backups2datalad.py Syncing asset /sub-666839638/sub-666839638_ses-693811236_behavior+ophys.nwb
2020-10-21T22:09:55-0400 [INFO    ] backups2datalad.py Asset not in dataset; will copy
2020-10-21T22:09:55-0400 [INFO    ] backups2datalad.py cp /mnt/backup/dandi/dandiarchive-s3-backup/girder-assetstore/4c/9f/4c9fb572a1c34ef081b4f95b6b95f367 -> /mnt/backup/dandi/dandisets/000039/sub-666839638/sub-666839638_ses-693811236_behavior+ophys.nwb
2020-10-21T22:09:56-0400 [INFO    ] backups2datalad.py Adding asset to dataset
2020-10-21T22:10:04-0400 [INFO    ] backups2datalad.py Adding URL https://dandiarchive.s3.amazonaws.com/girder-assetstore/4c/9f/4c9fb572a1c34ef081b4f95b6b95f367?versionId=d9_XFGEyEJ25YGFddP5EfmsnTVa26AYQ to asset
2020-10-21T22:10:04-0400 [INFO    ] backups2datalad.py Syncing asset /sub-666839638/sub-666839638_ses-694475497_behavior+ophys.nwb
2020-10-21T22:10:04-0400 [INFO    ] backups2datalad.py Asset not in dataset; will copy
2020-10-21T22:10:04-0400 [INFO    ] backups2datalad.py cp /mnt/backup/dandi/dandiarchive-s3-backup/girder-assetstore/02/7d/027d4e2248214283817c7b9e78f79c40 -> /mnt/backup/dandi/dandisets/000039/sub-666839638/sub-666839638_ses-694475497_behavior+ophys.nwb
2020-10-21T22:10:05-0400 [INFO    ] backups2datalad.py Adding asset to dataset
2020-10-21T22:10:08-0400 [INFO    ] backups2datalad.py Adding URL https://dandiarchive.s3.amazonaws.com/girder-assetstore/02/7d/027d4e2248214283817c7b9e78f79c40?versionId=k_PVXNcJxcxlEz96Gw5meE.enVyR3J5E to asset
2020-10-21T22:10:08-0400 [INFO    ] backups2datalad.py Syncing asset /sub-666839638/sub-666839638_ses-694867337_behavior+ophys.nwb
2020-10-21T22:10:09-0400 [INFO    ] backups2datalad.py Asset not in dataset; will copy
2020-10-21T22:10:09-0400 [INFO    ] backups2datalad.py cp /mnt/backup/dandi/dandiarchive-s3-backup/girder-assetstore/46/9b/469b51b3ec584ebcb5e5e66d881a443a -> /mnt/backup/dandi/dandisets/000039/sub-666839638/sub-666839638_ses-694867337_behavior+ophys.nwb
2020-10-21T22:10:09-0400 [INFO    ] backups2datalad.py Adding asset to dataset
2020-10-21T22:10:10-0400 [INFO    ] backups2datalad.py Adding URL https://dandiarchive.s3.amazonaws.com/girder-assetstore/46/9b/469b51b3ec584ebcb5e5e66d881a443a?versionId=zUyhs2rh5qR_GFFHQtFQAu0QGO7EpGkI to asset
2020-10-21T22:10:10-0400 [INFO    ] backups2datalad.py Syncing asset /sub-666839638/sub-666839638_ses-695464266_behavior+ophys.nwb
2020-10-21T22:10:11-0400 [INFO    ] backups2datalad.py Asset not in dataset; will copy
2020-10-21T22:10:11-0400 [INFO    ] backups2datalad.py cp /mnt/backup/dandi/dandiarchive-s3-backup/girder-assetstore/7f/4f/7f4f4f34979a4d348cbab8d142fb79f8 -> /mnt/backup/dandi/dandisets/000039/sub-666839638/sub-666839638_ses-695464266_behavior+ophys.nwb
2020-10-21T22:10:11-0400 [INFO    ] backups2datalad.py Adding asset to dataset
2020-10-21T22:10:13-0400 [INFO    ] backups2datalad.py Adding URL https://dandiarchive.s3.amazonaws.com/girder-assetstore/7f/4f/7f4f4f34979a4d348cbab8d142fb79f8?versionId=RQOtK0xZh.NyXBYeC2Z6GOVDeP2ZWgLP to asset
2020-10-21T22:10:13-0400 [INFO    ] backups2datalad.py Syncing asset /sub-669165768/sub-669165768_ses-691862168_behavior+ophys.nwb
2020-10-21T22:10:13-0400 [INFO    ] backups2datalad.py Asset not in dataset; will copy
2020-10-21T22:10:13-0400 [INFO    ] backups2datalad.py cp /mnt/backup/dandi/dandiarchive-s3-backup/girder-assetstore/3b/d4/3bd43b29a27e4a65b9cfedca714e89b8 -> /mnt/backup/dandi/dandisets/000039/sub-669165768/sub-669165768_ses-691862168_behavior+ophys.nwb
2020-10-21T22:10:13-0400 [INFO    ] backups2datalad.py Adding asset to dataset
2020-10-21T22:10:15-0400 [INFO    ] backups2datalad.py Adding URL https://dandiarchive.s3.amazonaws.com/girder-assetstore/3b/d4/3bd43b29a27e4a65b9cfedca714e89b8?versionId=OyGCyei8I6NFN2qz2ymn9xPT3PdYnu8o to asset
2020-10-21T22:10:15-0400 [INFO    ] backups2datalad.py Syncing asset /sub-669165768/sub-669165768_ses-695640480_behavior+ophys.nwb
2020-10-21T22:10:16-0400 [INFO    ] backups2datalad.py Asset not in dataset; will copy
2020-10-21T22:10:16-0400 [INFO    ] backups2datalad.py cp /mnt/backup/dandi/dandiarchive-s3-backup/girder-assetstore/d6/cc/d6cc6d3e523d4525916e3444b404b13b -> /mnt/backup/dandi/dandisets/000039/sub-669165768/sub-669165768_ses-695640480_behavior+ophys.nwb
2020-10-21T22:10:16-0400 [INFO    ] backups2datalad.py Adding asset to dataset
2020-10-21T22:10:17-0400 [INFO    ] backups2datalad.py Adding URL https://dandiarchive.s3.amazonaws.com/girder-assetstore/d6/cc/d6cc6d3e523d4525916e3444b404b13b?versionId=7cgUYnx3dZI7PR6XDFI5SiU9C6G8b0Ss to asset
2020-10-21T22:10:17-0400 [INFO    ] backups2datalad.py Syncing asset /sub-671540231/sub-671540231_ses-689723323_behavior+ophys.nwb
2020-10-21T22:10:17-0400 [INFO    ] backups2datalad.py Asset not in dataset; will copy
2020-10-21T22:10:17-0400 [INFO    ] backups2datalad.py cp /mnt/backup/dandi/dandiarchive-s3-backup/girder-assetstore/ec/df/ecdfafdeb5bf4135aefbd28d1b451cbf -> /mnt/backup/dandi/dandisets/000039/sub-671540231/sub-671540231_ses-689723323_behavior+ophys.nwb
2020-10-21T22:10:17-0400 [INFO    ] backups2datalad.py Adding asset to dataset
2020-10-21T22:10:24-0400 [INFO    ] backups2datalad.py Adding URL https://dandiarchive.s3.amazonaws.com/girder-assetstore/ec/df/ecdfafdeb5bf4135aefbd28d1b451cbf?versionId=VJ7BuE1ffwLLv3SH5TsQOZVR67Rdsw2w to asset
2020-10-21T22:10:24-0400 [INFO    ] backups2datalad.py Syncing asset /sub-671540231/sub-671540231_ses-690751383_behavior+ophys.nwb
2020-10-21T22:10:24-0400 [INFO    ] backups2datalad.py Asset not in dataset; will copy
2020-10-21T22:10:24-0400 [INFO    ] backups2datalad.py cp /mnt/backup/dandi/dandiarchive-s3-backup/girder-assetstore/58/d9/58d9f6f066194774a172b2aabf64d4b2 -> /mnt/backup/dandi/dandisets/000039/sub-671540231/sub-671540231_ses-690751383_behavior+ophys.nwb
2020-10-21T22:10:24-0400 [INFO    ] backups2datalad.py Adding asset to dataset
2020-10-21T22:10:28-0400 [INFO    ] backups2datalad.py Adding URL https://dandiarchive.s3.amazonaws.com/girder-assetstore/58/d9/58d9f6f066194774a172b2aabf64d4b2?versionId=gAdj2TsjfJGcVUFzGDxp.LwKJZCYD7R_ to asset
2020-10-21T22:10:28-0400 [INFO    ] backups2datalad.py Syncing asset /sub-671540231/sub-671540231_ses-692130296_behavior+ophys.nwb
2020-10-21T22:10:28-0400 [INFO    ] backups2datalad.py Asset not in dataset; will copy
2020-10-21T22:10:28-0400 [INFO    ] backups2datalad.py cp /mnt/backup/dandi/dandiarchive-s3-backup/girder-assetstore/53/34/5334b85edfff4b07924223b19d7e3993 -> /mnt/backup/dandi/dandisets/000039/sub-671540231/sub-671540231_ses-692130296_behavior+ophys.nwb
2020-10-21T22:10:28-0400 [INFO    ] backups2datalad.py Adding asset to dataset
2020-10-21T22:10:32-0400 [INFO    ] backups2datalad.py Adding URL https://dandiarchive.s3.amazonaws.com/girder-assetstore/53/34/5334b85edfff4b07924223b19d7e3993?versionId=EVPNe4pIAQ7bPGWuewYvIveb8WGCgt92 to asset
2020-10-21T22:10:33-0400 [INFO    ] backups2datalad.py Syncing asset /sub-671540231/sub-671540231_ses-692713539_behavior+ophys.nwb
2020-10-21T22:10:33-0400 [INFO    ] backups2datalad.py Asset not in dataset; will copy
2020-10-21T22:10:33-0400 [INFO    ] backups2datalad.py cp /mnt/backup/dandi/dandiarchive-s3-backup/girder-assetstore/3c/28/3c281bcb57e04c118a584190f6b28552 -> /mnt/backup/dandi/dandisets/000039/sub-671540231/sub-671540231_ses-692713539_behavior+ophys.nwb
2020-10-21T22:10:34-0400 [INFO    ] backups2datalad.py Adding asset to dataset
2020-10-21T22:10:36-0400 [INFO    ] backups2datalad.py Adding URL https://dandiarchive.s3.amazonaws.com/girder-assetstore/3c/28/3c281bcb57e04c118a584190f6b28552?versionId=q3gc.uwA4DKV9jBX0rSZ1VIo7gCoTWO1 to asset
2020-10-21T22:10:36-0400 [INFO    ] backups2datalad.py Syncing asset /sub-671540231/sub-671540231_ses-694777122_behavior+ophys.nwb
2020-10-21T22:10:36-0400 [INFO    ] backups2datalad.py Asset not in dataset; will copy
2020-10-21T22:10:36-0400 [INFO    ] backups2datalad.py cp /mnt/backup/dandi/dandiarchive-s3-backup/girder-assetstore/37/cd/37cd68eb0e754ec3b883913e3e2aeab9 -> /mnt/backup/dandi/dandisets/000039/sub-671540231/sub-671540231_ses-694777122_behavior+ophys.nwb
2020-10-21T22:10:37-0400 [INFO    ] backups2datalad.py Adding asset to dataset
2020-10-21T22:10:40-0400 [INFO    ] backups2datalad.py Adding URL https://dandiarchive.s3.amazonaws.com/girder-assetstore/37/cd/37cd68eb0e754ec3b883913e3e2aeab9?versionId=1SjW9hpUPAPAB0vAepgbxm_3hxbnAjsC to asset
2020-10-21T22:10:40-0400 [INFO    ] backups2datalad.py Syncing asset /sub-671540231/sub-671540231_ses-695414843_behavior+ophys.nwb
2020-10-21T22:10:41-0400 [INFO    ] backups2datalad.py Asset not in dataset; will copy
2020-10-21T22:10:41-0400 [INFO    ] backups2datalad.py cp /mnt/backup/dandi/dandiarchive-s3-backup/girder-assetstore/b1/3a/b13a9e28b8214dd1a589a82ef02d173c -> /mnt/backup/dandi/dandisets/000039/sub-671540231/sub-671540231_ses-695414843_behavior+ophys.nwb
2020-10-21T22:10:42-0400 [INFO    ] backups2datalad.py Adding asset to dataset
2020-10-21T22:10:45-0400 [INFO    ] backups2datalad.py Adding URL https://dandiarchive.s3.amazonaws.com/girder-assetstore/b1/3a/b13a9e28b8214dd1a589a82ef02d173c?versionId=I4C5eRpxjXCdxCpumcxQSu4SMViA804K to asset
2020-10-21T22:10:46-0400 [INFO    ] backups2datalad.py Syncing asset /sub-673580710/sub-673580710_ses-692496401_behavior+ophys.nwb
2020-10-21T22:10:46-0400 [INFO    ] backups2datalad.py Asset not in dataset; will copy
2020-10-21T22:10:46-0400 [INFO    ] backups2datalad.py cp /mnt/backup/dandi/dandiarchive-s3-backup/girder-assetstore/ab/aa/abaa7489842f40099eb1b09967ca26ef -> /mnt/backup/dandi/dandisets/000039/sub-673580710/sub-673580710_ses-692496401_behavior+ophys.nwb
2020-10-21T22:10:46-0400 [INFO    ] backups2datalad.py Adding asset to dataset
2020-10-21T22:10:47-0400 [INFO    ] backups2datalad.py Adding URL https://dandiarchive.s3.amazonaws.com/girder-assetstore/ab/aa/abaa7489842f40099eb1b09967ca26ef?versionId=tWN4bzU8j4roVY3ZZg2qvehH.qe4xAbk to asset
2020-10-21T22:10:47-0400 [INFO    ] backups2datalad.py Syncing asset /sub-673647168/sub-673647168_ses-698273664_behavior+ophys.nwb
2020-10-21T22:10:47-0400 [INFO    ] backups2datalad.py Asset not in dataset; will copy
2020-10-21T22:10:47-0400 [INFO    ] backups2datalad.py cp /mnt/backup/dandi/dandiarchive-s3-backup/girder-assetstore/ca/29/ca296b22837f4be68e0f95c6ae95d344 -> /mnt/backup/dandi/dandisets/000039/sub-673647168/sub-673647168_ses-698273664_behavior+ophys.nwb
2020-10-21T22:10:48-0400 [INFO    ] backups2datalad.py Adding asset to dataset
2020-10-21T22:10:49-0400 [INFO    ] backups2datalad.py Adding URL https://dandiarchive.s3.amazonaws.com/girder-assetstore/ca/29/ca296b22837f4be68e0f95c6ae95d344?versionId=eg1xRdErzHfGHbUi0txndaAhMOA09jHD to asset
2020-10-21T22:10:49-0400 [INFO    ] backups2datalad.py Syncing asset /sub-673647168/sub-673647168_ses-698783832_behavior+ophys.nwb
2020-10-21T22:10:49-0400 [INFO    ] backups2datalad.py Asset not in dataset; will copy
2020-10-21T22:10:49-0400 [INFO    ] backups2datalad.py cp /mnt/backup/dandi/dandiarchive-s3-backup/girder-assetstore/df/82/df824d731759475b8d8a0832be0aa7ee -> /mnt/backup/dandi/dandisets/000039/sub-673647168/sub-673647168_ses-698783832_behavior+ophys.nwb
2020-10-21T22:10:50-0400 [INFO    ] backups2datalad.py Adding asset to dataset
2020-10-21T22:10:51-0400 [INFO    ] backups2datalad.py Adding URL https://dandiarchive.s3.amazonaws.com/girder-assetstore/df/82/df824d731759475b8d8a0832be0aa7ee?versionId=rWAfCKH.Jn1dUsvatvxjspYCaMyOG.Yp to asset
2020-10-21T22:10:51-0400 [INFO    ] backups2datalad.py Syncing asset /sub-673728456/sub-673728456_ses-696250333_behavior+ophys.nwb
2020-10-21T22:10:51-0400 [INFO    ] backups2datalad.py Asset not in dataset; will copy
2020-10-21T22:10:51-0400 [INFO    ] backups2datalad.py cp /mnt/backup/dandi/dandiarchive-s3-backup/girder-assetstore/16/12/16122dc63d4d41458b00e4eaa666f054 -> /mnt/backup/dandi/dandisets/000039/sub-673728456/sub-673728456_ses-696250333_behavior+ophys.nwb
2020-10-21T22:10:52-0400 [INFO    ] backups2datalad.py Adding asset to dataset
2020-10-21T22:10:53-0400 [INFO    ] backups2datalad.py Adding URL https://dandiarchive.s3.amazonaws.com/girder-assetstore/16/12/16122dc63d4d41458b00e4eaa666f054?versionId=GNr0GJGAZxyiXXWCAhxXpr6MOJVI6QzQ to asset
2020-10-21T22:10:53-0400 [INFO    ] backups2datalad.py Syncing asset /sub-673728456/sub-673728456_ses-698273667_behavior+ophys.nwb
2020-10-21T22:10:53-0400 [INFO    ] backups2datalad.py Asset not in dataset; will copy
2020-10-21T22:10:53-0400 [INFO    ] backups2datalad.py cp /mnt/backup/dandi/dandiarchive-s3-backup/girder-assetstore/90/b3/90b342355b424d4ab7f1d7b6dc20508f -> /mnt/backup/dandi/dandisets/000039/sub-673728456/sub-673728456_ses-698273667_behavior+ophys.nwb
2020-10-21T22:10:53-0400 [INFO    ] backups2datalad.py Adding asset to dataset
2020-10-21T22:10:54-0400 [INFO    ] backups2datalad.py Adding URL https://dandiarchive.s3.amazonaws.com/girder-assetstore/90/b3/90b342355b424d4ab7f1d7b6dc20508f?versionId=btKb65UKsGjgZMHJwsHhBHa4xsHNrKcV to asset
2020-10-21T22:10:55-0400 [INFO    ] backups2datalad.py Syncing asset /sub-675881553/sub-675881553_ses-692896730_behavior+ophys.nwb
2020-10-21T22:10:55-0400 [INFO    ] backups2datalad.py Asset not in dataset; will copy
2020-10-21T22:10:55-0400 [INFO    ] backups2datalad.py cp /mnt/backup/dandi/dandiarchive-s3-backup/girder-assetstore/9f/a7/9fa77cd9cbb5499aa0aebc12ecadf1a4 -> /mnt/backup/dandi/dandisets/000039/sub-675881553/sub-675881553_ses-692896730_behavior+ophys.nwb
2020-10-21T22:10:56-0400 [INFO    ] backups2datalad.py Adding asset to dataset
2020-10-21T22:11:00-0400 [INFO    ] backups2datalad.py Adding URL https://dandiarchive.s3.amazonaws.com/girder-assetstore/9f/a7/9fa77cd9cbb5499aa0aebc12ecadf1a4?versionId=U4UXYJH2wCsWW9XXLBXEMcJj4cd9VZ7M to asset
2020-10-21T22:11:01-0400 [INFO    ] backups2datalad.py Syncing asset /sub-675881553/sub-675881553_ses-693352070_behavior+ophys.nwb
2020-10-21T22:11:01-0400 [INFO    ] backups2datalad.py Asset not in dataset; will copy
2020-10-21T22:11:01-0400 [INFO    ] backups2datalad.py cp /mnt/backup/dandi/dandiarchive-s3-backup/girder-assetstore/37/5b/375bb46fe80e4c54849d29f1ae5f01e1 -> /mnt/backup/dandi/dandisets/000039/sub-675881553/sub-675881553_ses-693352070_behavior+ophys.nwb
2020-10-21T22:11:01-0400 [INFO    ] backups2datalad.py Adding asset to dataset
2020-10-21T22:11:06-0400 [INFO    ] backups2datalad.py Adding URL https://dandiarchive.s3.amazonaws.com/girder-assetstore/37/5b/375bb46fe80e4c54849d29f1ae5f01e1?versionId=FNs0LSk3ahwANnY9hXWbIdLg_WxksKHY to asset
2020-10-21T22:11:06-0400 [INFO    ] backups2datalad.py Syncing asset /sub-675881553/sub-675881553_ses-693913351_behavior+ophys.nwb
2020-10-21T22:11:06-0400 [INFO    ] backups2datalad.py Asset not in dataset; will copy
2020-10-21T22:11:06-0400 [INFO    ] backups2datalad.py cp /mnt/backup/dandi/dandiarchive-s3-backup/girder-assetstore/f2/20/f2203be1615442cc9e1fd71e815b38f9 -> /mnt/backup/dandi/dandisets/000039/sub-675881553/sub-675881553_ses-693913351_behavior+ophys.nwb
2020-10-21T22:11:09-0400 [INFO    ] backups2datalad.py Adding asset to dataset
2020-10-21T22:11:14-0400 [INFO    ] backups2datalad.py Adding URL https://dandiarchive.s3.amazonaws.com/girder-assetstore/f2/20/f2203be1615442cc9e1fd71e815b38f9?versionId=bRYgZMffb2EGeI8yhtGabZXvAXccvs.u to asset
2020-10-21T22:11:14-0400 [INFO    ] backups2datalad.py Syncing asset /sub-675881553/sub-675881553_ses-694568572_behavior+ophys.nwb
2020-10-21T22:11:14-0400 [INFO    ] backups2datalad.py Asset not in dataset; will copy
2020-10-21T22:11:14-0400 [INFO    ] backups2datalad.py cp /mnt/backup/dandi/dandiarchive-s3-backup/girder-assetstore/39/b0/39b0392c901a4c11b4ba2d914863b8f1 -> /mnt/backup/dandi/dandisets/000039/sub-675881553/sub-675881553_ses-694568572_behavior+ophys.nwb
2020-10-21T22:11:14-0400 [INFO    ] backups2datalad.py Adding asset to dataset
2020-10-21T22:11:16-0400 [INFO    ] backups2datalad.py Adding URL https://dandiarchive.s3.amazonaws.com/girder-assetstore/39/b0/39b0392c901a4c11b4ba2d914863b8f1?versionId=CpBNhCfOttxNYVcZVcAUyaybVYBgqIvJ to asset
2020-10-21T22:11:16-0400 [INFO    ] backups2datalad.py Syncing asset /sub-678530120/sub-678530120_ses-696742747_behavior+ophys.nwb
2020-10-21T22:11:16-0400 [INFO    ] backups2datalad.py Asset not in dataset; will copy
2020-10-21T22:11:16-0400 [INFO    ] backups2datalad.py cp /mnt/backup/dandi/dandiarchive-s3-backup/girder-assetstore/08/52/085292b3ae294473b114aea6cfbd5243 -> /mnt/backup/dandi/dandisets/000039/sub-678530120/sub-678530120_ses-696742747_behavior+ophys.nwb
2020-10-21T22:11:16-0400 [INFO    ] backups2datalad.py Adding asset to dataset
2020-10-21T22:11:17-0400 [INFO    ] backups2datalad.py Adding URL https://dandiarchive.s3.amazonaws.com/girder-assetstore/08/52/085292b3ae294473b114aea6cfbd5243?versionId=3pTrvUip3QVBUSXV2ZEd8YBQNEz7barm to asset
2020-10-21T22:11:18-0400 [INFO    ] backups2datalad.py Syncing asset /sub-678530120/sub-678530120_ses-697383979_behavior+ophys.nwb
2020-10-21T22:11:18-0400 [INFO    ] backups2datalad.py Asset not in dataset; will copy
2020-10-21T22:11:18-0400 [INFO    ] backups2datalad.py cp /mnt/backup/dandi/dandiarchive-s3-backup/girder-assetstore/6b/dd/6bddb08673c74dfb84d0decdb413995d -> /mnt/backup/dandi/dandisets/000039/sub-678530120/sub-678530120_ses-697383979_behavior+ophys.nwb
2020-10-21T22:11:18-0400 [INFO    ] backups2datalad.py Adding asset to dataset
2020-10-21T22:11:18-0400 [INFO    ] backups2datalad.py Adding URL https://dandiarchive.s3.amazonaws.com/girder-assetstore/6b/dd/6bddb08673c74dfb84d0decdb413995d?versionId=YdiKbPoztl.aQZAOlVSsxzL72DHLzacd to asset
2020-10-21T22:11:19-0400 [INFO    ] backups2datalad.py Syncing asset /sub-678653760/sub-678653760_ses-701070416_behavior+ophys.nwb
2020-10-21T22:11:19-0400 [INFO    ] backups2datalad.py Asset not in dataset; will copy
2020-10-21T22:11:19-0400 [INFO    ] backups2datalad.py cp /mnt/backup/dandi/dandiarchive-s3-backup/girder-assetstore/b2/02/b202faca48514ebba223f328f5efea79 -> /mnt/backup/dandi/dandisets/000039/sub-678653760/sub-678653760_ses-701070416_behavior+ophys.nwb
2020-10-21T22:11:19-0400 [INFO    ] backups2datalad.py Adding asset to dataset
2020-10-21T22:11:21-0400 [INFO    ] backups2datalad.py Adding URL https://dandiarchive.s3.amazonaws.com/girder-assetstore/b2/02/b202faca48514ebba223f328f5efea79?versionId=N5y2KpYNZfTBHoXnrq78Mj5jckBrhKDj to asset
2020-10-21T22:11:21-0400 [INFO    ] backups2datalad.py Syncing asset /sub-699590236/sub-699590236_ses-712155740_behavior+ophys.nwb
2020-10-21T22:11:22-0400 [INFO    ] backups2datalad.py Asset not in dataset; will copy
2020-10-21T22:11:22-0400 [INFO    ] backups2datalad.py cp /mnt/backup/dandi/dandiarchive-s3-backup/girder-assetstore/5d/2d/5d2dc040df8c49fa9a02bd6e8d777b9b -> /mnt/backup/dandi/dandisets/000039/sub-699590236/sub-699590236_ses-712155740_behavior+ophys.nwb
2020-10-21T22:11:22-0400 [INFO    ] backups2datalad.py Adding asset to dataset
2020-10-21T22:11:24-0400 [INFO    ] backups2datalad.py Adding URL https://dandiarchive.s3.amazonaws.com/girder-assetstore/5d/2d/5d2dc040df8c49fa9a02bd6e8d777b9b?versionId=WnXGLTUGUiER91JzY9_Vt4076mJ0pV8t to asset
2020-10-21T22:11:25-0400 [INFO    ] backups2datalad.py Syncing asset /sub-699590236/sub-699590236_ses-716532289_behavior+ophys.nwb
2020-10-21T22:11:25-0400 [INFO    ] backups2datalad.py Asset not in dataset; will copy
2020-10-21T22:11:25-0400 [INFO    ] backups2datalad.py cp /mnt/backup/dandi/dandiarchive-s3-backup/girder-assetstore/0f/4b/0f4b0805d8714e70b587c0724cf1d03a -> /mnt/backup/dandi/dandisets/000039/sub-699590236/sub-699590236_ses-716532289_behavior+ophys.nwb
2020-10-21T22:11:25-0400 [INFO    ] backups2datalad.py Adding asset to dataset
2020-10-21T22:11:27-0400 [INFO    ] backups2datalad.py Adding URL https://dandiarchive.s3.amazonaws.com/girder-assetstore/0f/4b/0f4b0805d8714e70b587c0724cf1d03a?versionId=be4foRoDw6N0Duzv1wsn2xQTAVOwR2Qr to asset
2020-10-21T22:11:27-0400 [INFO    ] backups2datalad.py Syncing asset /sub-699590236/sub-699590236_ses-722443494_behavior+ophys.nwb
2020-10-21T22:11:27-0400 [INFO    ] backups2datalad.py Asset not in dataset; will copy
2020-10-21T22:11:27-0400 [INFO    ] backups2datalad.py cp /mnt/backup/dandi/dandiarchive-s3-backup/girder-assetstore/a5/a2/a5a2714031e541da831b1b10975b1cd6 -> /mnt/backup/dandi/dandisets/000039/sub-699590236/sub-699590236_ses-722443494_behavior+ophys.nwb
2020-10-21T22:11:27-0400 [INFO    ] backups2datalad.py Adding asset to dataset
2020-10-21T22:11:29-0400 [INFO    ] backups2datalad.py Adding URL https://dandiarchive.s3.amazonaws.com/girder-assetstore/a5/a2/a5a2714031e541da831b1b10975b1cd6?versionId=jHrb4su8VHbcAaiIt3RbFcimWrEopipP to asset
2020-10-21T22:11:29-0400 [INFO    ] backups2datalad.py Syncing asset /sub-699590236/sub-699590236_ses-724712005_behavior+ophys.nwb
2020-10-21T22:11:30-0400 [INFO    ] backups2datalad.py Asset not in dataset; will copy
2020-10-21T22:11:30-0400 [INFO    ] backups2datalad.py cp /mnt/backup/dandi/dandiarchive-s3-backup/girder-assetstore/83/f7/83f7255f930648cab8b3864c080c4dca -> /mnt/backup/dandi/dandisets/000039/sub-699590236/sub-699590236_ses-724712005_behavior+ophys.nwb
2020-10-21T22:11:30-0400 [INFO    ] backups2datalad.py Adding asset to dataset
2020-10-21T22:11:33-0400 [INFO    ] backups2datalad.py Adding URL https://dandiarchive.s3.amazonaws.com/girder-assetstore/83/f7/83f7255f930648cab8b3864c080c4dca?versionId=U2vokNl6JqZpjXa0531zkdZqBeVCrKtX to asset
2020-10-21T22:11:33-0400 [INFO    ] backups2datalad.py Syncing asset /sub-699590236/sub-699590236_ses-727153911_behavior+ophys.nwb
2020-10-21T22:11:34-0400 [INFO    ] backups2datalad.py Asset not in dataset; will copy
2020-10-21T22:11:34-0400 [INFO    ] backups2datalad.py cp /mnt/backup/dandi/dandiarchive-s3-backup/girder-assetstore/b9/81/b9817ec0056c4a14b5782c757e1fd496 -> /mnt/backup/dandi/dandisets/000039/sub-699590236/sub-699590236_ses-727153911_behavior+ophys.nwb
2020-10-21T22:11:34-0400 [INFO    ] backups2datalad.py Adding asset to dataset
2020-10-21T22:11:38-0400 [INFO    ] backups2datalad.py Adding URL https://dandiarchive.s3.amazonaws.com/girder-assetstore/b9/81/b9817ec0056c4a14b5782c757e1fd496?versionId=0vwwnISsOqnxeTJVYc5YyxOBA7bihbJF to asset
2020-10-21T22:11:39-0400 [INFO    ] backups2datalad.py Syncing asset /sub-710318403/sub-710318403_ses-728188287_behavior+ophys.nwb
2020-10-21T22:11:39-0400 [INFO    ] backups2datalad.py Asset not in dataset; will copy
2020-10-21T22:11:39-0400 [INFO    ] backups2datalad.py cp /mnt/backup/dandi/dandiarchive-s3-backup/girder-assetstore/53/0f/530f3464948d4849a99933d188880b2e -> /mnt/backup/dandi/dandisets/000039/sub-710318403/sub-710318403_ses-728188287_behavior+ophys.nwb
2020-10-21T22:11:39-0400 [INFO    ] backups2datalad.py Adding asset to dataset
2020-10-21T22:11:41-0400 [INFO    ] backups2datalad.py Adding URL https://dandiarchive.s3.amazonaws.com/girder-assetstore/53/0f/530f3464948d4849a99933d188880b2e?versionId=CtGpF9yPGtJD2KnZBFiJD9iA_eaQDCH6 to asset
2020-10-21T22:11:41-0400 [INFO    ] backups2datalad.py Syncing asset /sub-710318403/sub-710318403_ses-731095575_behavior+ophys.nwb
2020-10-21T22:11:41-0400 [INFO    ] backups2datalad.py Asset not in dataset; will copy
2020-10-21T22:11:41-0400 [INFO    ] backups2datalad.py cp /mnt/backup/dandi/dandiarchive-s3-backup/girder-assetstore/7f/74/7f7485e02cf34bb594e6ebbcbb4b78f7 -> /mnt/backup/dandi/dandisets/000039/sub-710318403/sub-710318403_ses-731095575_behavior+ophys.nwb
2020-10-21T22:11:41-0400 [INFO    ] backups2datalad.py Adding asset to dataset
2020-10-21T22:11:42-0400 [INFO    ] backups2datalad.py Adding URL https://dandiarchive.s3.amazonaws.com/girder-assetstore/7f/74/7f7485e02cf34bb594e6ebbcbb4b78f7?versionId=I6YvHm4VpPDtrKg0WUVuCy1CLU0jQnxf to asset
2020-10-21T22:11:43-0400 [INFO    ] backups2datalad.py Syncing asset /sub-710318403/sub-710318403_ses-732239538_behavior+ophys.nwb
2020-10-21T22:11:43-0400 [INFO    ] backups2datalad.py Asset not in dataset; will copy
2020-10-21T22:11:43-0400 [INFO    ] backups2datalad.py cp /mnt/backup/dandi/dandiarchive-s3-backup/girder-assetstore/e1/d3/e1d3dd286ce44019a805c0e958e47e8e -> /mnt/backup/dandi/dandisets/000039/sub-710318403/sub-710318403_ses-732239538_behavior+ophys.nwb
2020-10-21T22:11:44-0400 [INFO    ] backups2datalad.py Adding asset to dataset
2020-10-21T22:11:46-0400 [INFO    ] backups2datalad.py Adding URL https://dandiarchive.s3.amazonaws.com/girder-assetstore/e1/d3/e1d3dd286ce44019a805c0e958e47e8e?versionId=xmWpRnvTbWvhAX1jcHpfKgg9QKj6eEwc to asset
2020-10-21T22:11:46-0400 [INFO    ] backups2datalad.py Syncing asset /sub-710318403/sub-710318403_ses-734322185_behavior+ophys.nwb
2020-10-21T22:11:46-0400 [INFO    ] backups2datalad.py Asset not in dataset; will copy
2020-10-21T22:11:46-0400 [INFO    ] backups2datalad.py cp /mnt/backup/dandi/dandiarchive-s3-backup/girder-assetstore/dc/76/dc7692956ea04d919ba39606232154de -> /mnt/backup/dandi/dandisets/000039/sub-710318403/sub-710318403_ses-734322185_behavior+ophys.nwb
2020-10-21T22:11:46-0400 [INFO    ] backups2datalad.py Adding asset to dataset
2020-10-21T22:11:48-0400 [INFO    ] backups2datalad.py Adding URL https://dandiarchive.s3.amazonaws.com/girder-assetstore/dc/76/dc7692956ea04d919ba39606232154de?versionId=hA3J_GyErO6zEhWezoRreVYyAEEMuk3K to asset
2020-10-21T22:11:48-0400 [INFO    ] backups2datalad.py Syncing asset /sub-726138104/sub-726138104_ses-750551095_behavior+ophys.nwb
2020-10-21T22:11:49-0400 [INFO    ] backups2datalad.py Asset not in dataset; will copy
2020-10-21T22:11:49-0400 [INFO    ] backups2datalad.py cp /mnt/backup/dandi/dandiarchive-s3-backup/girder-assetstore/eb/bb/ebbbe656a44f4bedb6f12b200f72695a -> /mnt/backup/dandi/dandisets/000039/sub-726138104/sub-726138104_ses-750551095_behavior+ophys.nwb
2020-10-21T22:11:49-0400 [INFO    ] backups2datalad.py Adding asset to dataset
2020-10-21T22:11:50-0400 [INFO    ] backups2datalad.py Adding URL https://dandiarchive.s3.amazonaws.com/girder-assetstore/eb/bb/ebbbe656a44f4bedb6f12b200f72695a?versionId=P0K2t2rT_TV7ZYN7R870Gl6IJM_Jzd9a to asset
2020-10-21T22:11:51-0400 [INFO    ] backups2datalad.py Syncing asset /sub-726138104/sub-726138104_ses-750900420_behavior+ophys.nwb
2020-10-21T22:11:51-0400 [INFO    ] backups2datalad.py Asset not in dataset; will copy
2020-10-21T22:11:51-0400 [INFO    ] backups2datalad.py cp /mnt/backup/dandi/dandiarchive-s3-backup/girder-assetstore/42/24/42247730187d4a2f994cc31e41486989 -> /mnt/backup/dandi/dandisets/000039/sub-726138104/sub-726138104_ses-750900420_behavior+ophys.nwb
2020-10-21T22:11:51-0400 [INFO    ] backups2datalad.py Adding asset to dataset
2020-10-21T22:11:52-0400 [INFO    ] backups2datalad.py Adding URL https://dandiarchive.s3.amazonaws.com/girder-assetstore/42/24/42247730187d4a2f994cc31e41486989?versionId=L7hJdjpWfpB.1X6Dk20Lp4Tgj9Q8TWZc to asset
2020-10-21T22:11:52-0400 [INFO    ] backups2datalad.py Syncing asset /sub-727126845/sub-727126845_ses-756102026_behavior+ophys.nwb
2020-10-21T22:11:53-0400 [INFO    ] backups2datalad.py Asset not in dataset; will copy
2020-10-21T22:11:53-0400 [INFO    ] backups2datalad.py cp /mnt/backup/dandi/dandiarchive-s3-backup/girder-assetstore/fb/7b/fb7bff0e17164136b0d53a722d780a2d -> /mnt/backup/dandi/dandisets/000039/sub-727126845/sub-727126845_ses-756102026_behavior+ophys.nwb
2020-10-21T22:11:53-0400 [INFO    ] backups2datalad.py Adding asset to dataset
2020-10-21T22:11:54-0400 [INFO    ] backups2datalad.py Adding URL https://dandiarchive.s3.amazonaws.com/girder-assetstore/fb/7b/fb7bff0e17164136b0d53a722d780a2d?versionId=Kh9z4OIp_n4Hb9IvmGAJFOcH7Jw3zeMm to asset
2020-10-21T22:11:54-0400 [INFO    ] backups2datalad.py Syncing asset /sub-745634050/sub-745634050_ses-762656639_behavior+ophys.nwb
2020-10-21T22:11:55-0400 [INFO    ] backups2datalad.py Asset not in dataset; will copy
2020-10-21T22:11:55-0400 [INFO    ] backups2datalad.py cp /mnt/backup/dandi/dandiarchive-s3-backup/girder-assetstore/c4/7d/c47d3f46796a4ab8bda678ea18a5a0ed -> /mnt/backup/dandi/dandisets/000039/sub-745634050/sub-745634050_ses-762656639_behavior+ophys.nwb
2020-10-21T22:11:55-0400 [INFO    ] backups2datalad.py Adding asset to dataset
2020-10-21T22:11:56-0400 [INFO    ] backups2datalad.py Adding URL https://dandiarchive.s3.amazonaws.com/girder-assetstore/c4/7d/c47d3f46796a4ab8bda678ea18a5a0ed?versionId=Qe175xWySn9SLri_uYmadz988VyGtcpT to asset
2020-10-21T22:11:57-0400 [INFO    ] backups2datalad.py Syncing asset /sub-745634050/sub-745634050_ses-763196272_behavior+ophys.nwb
2020-10-21T22:11:57-0400 [INFO    ] backups2datalad.py Asset not in dataset; will copy
2020-10-21T22:11:57-0400 [INFO    ] backups2datalad.py cp /mnt/backup/dandi/dandiarchive-s3-backup/girder-assetstore/16/cc/16ccc7389c114af3bbdb0e6548353d44 -> /mnt/backup/dandi/dandisets/000039/sub-745634050/sub-745634050_ses-763196272_behavior+ophys.nwb
2020-10-21T22:11:58-0400 [INFO    ] backups2datalad.py Adding asset to dataset
2020-10-21T22:12:00-0400 [INFO    ] backups2datalad.py Adding URL https://dandiarchive.s3.amazonaws.com/girder-assetstore/16/cc/16ccc7389c114af3bbdb0e6548353d44?versionId=b8BccRPUVnlDhuy0QyuqGHii50GsHd5I to asset
2020-10-21T22:12:01-0400 [INFO    ] backups2datalad.py Syncing asset /sub-746910369/sub-746910369_ses-764175792_behavior+ophys.nwb
2020-10-21T22:12:01-0400 [INFO    ] backups2datalad.py Asset not in dataset; will copy
2020-10-21T22:12:01-0400 [INFO    ] backups2datalad.py cp /mnt/backup/dandi/dandiarchive-s3-backup/girder-assetstore/e5/fc/e5fcd94dac5743e5a71afe3839ca0e2b -> /mnt/backup/dandi/dandisets/000039/sub-746910369/sub-746910369_ses-764175792_behavior+ophys.nwb
2020-10-21T22:12:02-0400 [INFO    ] backups2datalad.py Adding asset to dataset
2020-10-21T22:12:05-0400 [INFO    ] backups2datalad.py Adding URL https://dandiarchive.s3.amazonaws.com/girder-assetstore/e5/fc/e5fcd94dac5743e5a71afe3839ca0e2b?versionId=aEucc5YhApYT.lwpYGizGLMa7q2TMKj8 to asset
2020-10-21T22:12:05-0400 [INFO    ] backups2datalad.py Syncing asset /sub-746910369/sub-746910369_ses-764554525_behavior+ophys.nwb
2020-10-21T22:12:05-0400 [INFO    ] backups2datalad.py Asset not in dataset; will copy
2020-10-21T22:12:05-0400 [INFO    ] backups2datalad.py cp /mnt/backup/dandi/dandiarchive-s3-backup/girder-assetstore/81/65/8165372d45cc4e0fa26347c96cacaee4 -> /mnt/backup/dandi/dandisets/000039/sub-746910369/sub-746910369_ses-764554525_behavior+ophys.nwb
2020-10-21T22:12:05-0400 [INFO    ] backups2datalad.py Adding asset to dataset
2020-10-21T22:12:09-0400 [INFO    ] backups2datalad.py Adding URL https://dandiarchive.s3.amazonaws.com/girder-assetstore/81/65/8165372d45cc4e0fa26347c96cacaee4?versionId=YQrHHxcfq.qUzUMgu_kxEWLKy3VEbX.x to asset
2020-10-21T22:12:10-0400 [INFO    ] backups2datalad.py Syncing asset /sub-746926904/sub-746926904_ses-764182166_behavior+ophys.nwb
2020-10-21T22:12:10-0400 [INFO    ] backups2datalad.py Asset not in dataset; will copy
2020-10-21T22:12:10-0400 [INFO    ] backups2datalad.py cp /mnt/backup/dandi/dandiarchive-s3-backup/girder-assetstore/37/ea/37ea49b7caed45dc81bd8ae40792cd4f -> /mnt/backup/dandi/dandisets/000039/sub-746926904/sub-746926904_ses-764182166_behavior+ophys.nwb
2020-10-21T22:12:10-0400 [INFO    ] backups2datalad.py Adding asset to dataset
2020-10-21T22:12:13-0400 [INFO    ] backups2datalad.py Adding URL https://dandiarchive.s3.amazonaws.com/girder-assetstore/37/ea/37ea49b7caed45dc81bd8ae40792cd4f?versionId=XwGGs5pYpa6me6AcGqNz8sKC6SVh9sQk to asset
2020-10-21T22:12:13-0400 [INFO    ] backups2datalad.py Syncing asset /sub-746926904/sub-746926904_ses-764555173_behavior+ophys.nwb
2020-10-21T22:12:14-0400 [INFO    ] backups2datalad.py Asset not in dataset; will copy
2020-10-21T22:12:14-0400 [INFO    ] backups2datalad.py cp /mnt/backup/dandi/dandiarchive-s3-backup/girder-assetstore/9b/e1/9be13c0037f1468a88c4d39f87ee5059 -> /mnt/backup/dandi/dandisets/000039/sub-746926904/sub-746926904_ses-764555173_behavior+ophys.nwb
2020-10-21T22:12:14-0400 [INFO    ] backups2datalad.py Adding asset to dataset
2020-10-21T22:12:16-0400 [INFO    ] backups2datalad.py Adding URL https://dandiarchive.s3.amazonaws.com/girder-assetstore/9b/e1/9be13c0037f1468a88c4d39f87ee5059?versionId=W_AqSzEk_PMNGMcgy7XZX4EphampGQM0 to asset
2020-10-21T22:12:16-0400 [INFO    ] backups2datalad.py Syncing asset /sub-746926904/sub-746926904_ses-765019765_behavior+ophys.nwb
2020-10-21T22:12:16-0400 [INFO    ] backups2datalad.py Asset not in dataset; will copy
2020-10-21T22:12:16-0400 [INFO    ] backups2datalad.py cp /mnt/backup/dandi/dandiarchive-s3-backup/girder-assetstore/9d/f4/9df47d182b6848508c0ae21b30c5b188 -> /mnt/backup/dandi/dandisets/000039/sub-746926904/sub-746926904_ses-765019765_behavior+ophys.nwb
2020-10-21T22:12:16-0400 [INFO    ] backups2datalad.py Adding asset to dataset
2020-10-21T22:12:19-0400 [INFO    ] backups2datalad.py Adding URL https://dandiarchive.s3.amazonaws.com/girder-assetstore/9d/f4/9df47d182b6848508c0ae21b30c5b188?versionId=a5XykyfuT5HrvV3JrDspXucBFwomqaqn to asset
2020-10-21T22:12:20-0400 [INFO    ] backups2datalad.py Syncing asset /sub-746926904/sub-746926904_ses-767455758_behavior+ophys.nwb
2020-10-21T22:12:20-0400 [INFO    ] backups2datalad.py Asset not in dataset; will copy
2020-10-21T22:12:20-0400 [INFO    ] backups2datalad.py cp /mnt/backup/dandi/dandiarchive-s3-backup/girder-assetstore/54/b1/54b1dbeba20e4175b32b38b7c7832b22 -> /mnt/backup/dandi/dandisets/000039/sub-746926904/sub-746926904_ses-767455758_behavior+ophys.nwb
2020-10-21T22:12:21-0400 [INFO    ] backups2datalad.py Adding asset to dataset
2020-10-21T22:12:25-0400 [INFO    ] backups2datalad.py Adding URL https://dandiarchive.s3.amazonaws.com/girder-assetstore/54/b1/54b1dbeba20e4175b32b38b7c7832b22?versionId=sduBTGt16YaBc5ddQ_YVq2VTMQEpkQxG to asset
2020-10-21T22:12:26-0400 [INFO    ] backups2datalad.py Syncing asset /sub-746926904/sub-746926904_ses-768253835_behavior+ophys.nwb
2020-10-21T22:12:26-0400 [INFO    ] backups2datalad.py Asset not in dataset; will copy
2020-10-21T22:12:26-0400 [INFO    ] backups2datalad.py cp /mnt/backup/dandi/dandiarchive-s3-backup/girder-assetstore/4f/6a/4f6a4a889fcc4f7e8374890e928ef0b2 -> /mnt/backup/dandi/dandisets/000039/sub-746926904/sub-746926904_ses-768253835_behavior+ophys.nwb
2020-10-21T22:12:27-0400 [INFO    ] backups2datalad.py Adding asset to dataset
2020-10-21T22:12:30-0400 [INFO    ] backups2datalad.py Adding URL https://dandiarchive.s3.amazonaws.com/girder-assetstore/4f/6a/4f6a4a889fcc4f7e8374890e928ef0b2?versionId=Hje.x1.hhV4Ol9TFsdvez_B8HPHgxCYA to asset
2020-10-21T22:12:30-0400 [INFO    ] backups2datalad.py Syncing asset /sub-754469470/sub-754469470_ses-769811903_behavior+ophys.nwb
2020-10-21T22:12:30-0400 [INFO    ] backups2datalad.py Asset not in dataset; will copy
2020-10-21T22:12:30-0400 [INFO    ] backups2datalad.py cp /mnt/backup/dandi/dandiarchive-s3-backup/girder-assetstore/cb/3b/cb3bb84889684e68b37fb18d18535748 -> /mnt/backup/dandi/dandisets/000039/sub-754469470/sub-754469470_ses-769811903_behavior+ophys.nwb
2020-10-21T22:12:30-0400 [INFO    ] backups2datalad.py Adding asset to dataset
2020-10-21T22:12:35-0400 [INFO    ] backups2datalad.py Adding URL https://dandiarchive.s3.amazonaws.com/girder-assetstore/cb/3b/cb3bb84889684e68b37fb18d18535748?versionId=3XdKYw5K0n2gU3nev6lFHE.HD5C8qBWo to asset
2020-10-21T22:12:35-0400 [INFO    ] backups2datalad.py Syncing asset /sub-754469470/sub-754469470_ses-770236738_behavior+ophys.nwb
2020-10-21T22:12:35-0400 [INFO    ] backups2datalad.py Asset not in dataset; will copy
2020-10-21T22:12:35-0400 [INFO    ] backups2datalad.py cp /mnt/backup/dandi/dandiarchive-s3-backup/girder-assetstore/ab/9e/ab9ef22aaf5b478f91cda9d8d4c497d4 -> /mnt/backup/dandi/dandisets/000039/sub-754469470/sub-754469470_ses-770236738_behavior+ophys.nwb
2020-10-21T22:12:35-0400 [INFO    ] backups2datalad.py Adding asset to dataset
2020-10-21T22:12:38-0400 [INFO    ] backups2datalad.py Adding URL https://dandiarchive.s3.amazonaws.com/girder-assetstore/ab/9e/ab9ef22aaf5b478f91cda9d8d4c497d4?versionId=pDMJ24Rmb6rbxmHn7DV6aVsjFTVr3Wv0 to asset
2020-10-21T22:12:38-0400 [INFO    ] backups2datalad.py Syncing asset /sub-759066288/sub-759066288_ses-773643161_behavior+ophys.nwb
2020-10-21T22:12:38-0400 [INFO    ] backups2datalad.py Asset not in dataset; will copy
2020-10-21T22:12:38-0400 [INFO    ] backups2datalad.py cp /mnt/backup/dandi/dandiarchive-s3-backup/girder-assetstore/3a/95/3a95b0de0e6f4f0d9ce3ccaa46f15547 -> /mnt/backup/dandi/dandisets/000039/sub-759066288/sub-759066288_ses-773643161_behavior+ophys.nwb
2020-10-21T22:12:38-0400 [INFO    ] backups2datalad.py Adding asset to dataset
2020-10-21T22:12:39-0400 [INFO    ] backups2datalad.py Adding URL https://dandiarchive.s3.amazonaws.com/girder-assetstore/3a/95/3a95b0de0e6f4f0d9ce3ccaa46f15547?versionId=FalG7czMSiOhKyd1VH.mU3bvnM1e68oI to asset
2020-10-21T22:12:39-0400 [INFO    ] backups2datalad.py Syncing asset /sub-759066288/sub-759066288_ses-774223572_behavior+ophys.nwb
2020-10-21T22:12:39-0400 [INFO    ] backups2datalad.py Asset not in dataset; will copy
2020-10-21T22:12:39-0400 [INFO    ] backups2datalad.py cp /mnt/backup/dandi/dandiarchive-s3-backup/girder-assetstore/ee/18/ee180216640b4230b966ef0c0214b662 -> /mnt/backup/dandi/dandisets/000039/sub-759066288/sub-759066288_ses-774223572_behavior+ophys.nwb
2020-10-21T22:12:39-0400 [INFO    ] backups2datalad.py Adding asset to dataset
2020-10-21T22:12:40-0400 [INFO    ] backups2datalad.py Adding URL https://dandiarchive.s3.amazonaws.com/girder-assetstore/ee/18/ee180216640b4230b966ef0c0214b662?versionId=n0CIPOqakgzKbZ8pjFOLnKjIV4ZXtihw to asset
2020-10-21T22:12:41-0400 [INFO    ] backups2datalad.py Syncing asset /sub-759066288/sub-759066288_ses-774835587_behavior+ophys.nwb
2020-10-21T22:12:41-0400 [INFO    ] backups2datalad.py Asset not in dataset; will copy
2020-10-21T22:12:41-0400 [INFO    ] backups2datalad.py cp /mnt/backup/dandi/dandiarchive-s3-backup/girder-assetstore/74/1b/741b22ba7ae94e3788ad58fd10a28b62 -> /mnt/backup/dandi/dandisets/000039/sub-759066288/sub-759066288_ses-774835587_behavior+ophys.nwb
2020-10-21T22:12:41-0400 [INFO    ] backups2datalad.py Adding asset to dataset
2020-10-21T22:12:42-0400 [INFO    ] backups2datalad.py Adding URL https://dandiarchive.s3.amazonaws.com/girder-assetstore/74/1b/741b22ba7ae94e3788ad58fd10a28b62?versionId=WfPX7rGgjxwSI97_r8h7oohfhX1bitGF to asset
2020-10-21T22:12:42-0400 [INFO    ] backups2datalad.py Syncing asset /sub-759066288/sub-759066288_ses-775335881_behavior+ophys.nwb
2020-10-21T22:12:42-0400 [INFO    ] backups2datalad.py Asset not in dataset; will copy
2020-10-21T22:12:42-0400 [INFO    ] backups2datalad.py cp /mnt/backup/dandi/dandiarchive-s3-backup/girder-assetstore/b7/ee/b7ee5fab42fb46aaa2f3a65618d22107 -> /mnt/backup/dandi/dandisets/000039/sub-759066288/sub-759066288_ses-775335881_behavior+ophys.nwb
2020-10-21T22:12:42-0400 [INFO    ] backups2datalad.py Adding asset to dataset
2020-10-21T22:12:43-0400 [INFO    ] backups2datalad.py Adding URL https://dandiarchive.s3.amazonaws.com/girder-assetstore/b7/ee/b7ee5fab42fb46aaa2f3a65618d22107?versionId=IbLO9_uek.fQ0icnBiqko8yuMldzH7Rw to asset
2020-10-21T22:12:43-0400 [INFO    ] backups2datalad.py Syncing asset /sub-759066288/sub-759066288_ses-777180518_behavior+ophys.nwb
2020-10-21T22:12:44-0400 [INFO    ] backups2datalad.py Asset not in dataset; will copy
2020-10-21T22:12:44-0400 [INFO    ] backups2datalad.py cp /mnt/backup/dandi/dandiarchive-s3-backup/girder-assetstore/0b/d7/0bd74c22653246f7b5f816c2498a1630 -> /mnt/backup/dandi/dandisets/000039/sub-759066288/sub-759066288_ses-777180518_behavior+ophys.nwb
2020-10-21T22:12:44-0400 [INFO    ] backups2datalad.py Adding asset to dataset
2020-10-21T22:12:45-0400 [INFO    ] backups2datalad.py Adding URL https://dandiarchive.s3.amazonaws.com/girder-assetstore/0b/d7/0bd74c22653246f7b5f816c2498a1630?versionId=pJsRSbcpjQnqA9GgCm5XF7nyilURhR_p to asset
2020-10-21T22:12:45-0400 [INFO    ] backups2datalad.py Syncing asset /sub-760696809/sub-760696809_ses-770235078_behavior+ophys.nwb
2020-10-21T22:12:45-0400 [INFO    ] backups2datalad.py Asset not in dataset; will copy
2020-10-21T22:12:45-0400 [INFO    ] backups2datalad.py cp /mnt/backup/dandi/dandiarchive-s3-backup/girder-assetstore/77/00/7700bf9e921f4b328ae6b9836a79f8e2 -> /mnt/backup/dandi/dandisets/000039/sub-760696809/sub-760696809_ses-770235078_behavior+ophys.nwb
2020-10-21T22:12:45-0400 [INFO    ] backups2datalad.py Adding asset to dataset
2020-10-21T22:12:46-0400 [INFO    ] backups2datalad.py Adding URL https://dandiarchive.s3.amazonaws.com/girder-assetstore/77/00/7700bf9e921f4b328ae6b9836a79f8e2?versionId=p9iF1ph1WTjZhmirMoYwvy0XXlylepEn to asset
2020-10-21T22:12:46-0400 [INFO    ] backups2datalad.py Syncing asset /sub-760696809/sub-760696809_ses-771154155_behavior+ophys.nwb
2020-10-21T22:12:46-0400 [INFO    ] backups2datalad.py Asset not in dataset; will copy
2020-10-21T22:12:46-0400 [INFO    ] backups2datalad.py cp /mnt/backup/dandi/dandiarchive-s3-backup/girder-assetstore/2f/6a/2f6a7362674f4a1f917473340105713a -> /mnt/backup/dandi/dandisets/000039/sub-760696809/sub-760696809_ses-771154155_behavior+ophys.nwb
2020-10-21T22:12:46-0400 [INFO    ] backups2datalad.py Adding asset to dataset
2020-10-21T22:12:47-0400 [INFO    ] backups2datalad.py Adding URL https://dandiarchive.s3.amazonaws.com/girder-assetstore/2f/6a/2f6a7362674f4a1f917473340105713a?versionId=AqQ3f7nj1vlJunJjU7NWmROLEqqTnLkU to asset
2020-10-21T22:12:47-0400 [INFO    ] backups2datalad.py Syncing asset /sub-760696809/sub-760696809_ses-772613825_behavior+ophys.nwb
2020-10-21T22:12:48-0400 [INFO    ] backups2datalad.py Asset not in dataset; will copy
2020-10-21T22:12:48-0400 [INFO    ] backups2datalad.py cp /mnt/backup/dandi/dandiarchive-s3-backup/girder-assetstore/6f/30/6f30f64fbb8d4e238d68e7a5699966b3 -> /mnt/backup/dandi/dandisets/000039/sub-760696809/sub-760696809_ses-772613825_behavior+ophys.nwb
2020-10-21T22:12:48-0400 [INFO    ] backups2datalad.py Adding asset to dataset
2020-10-21T22:12:48-0400 [INFO    ] backups2datalad.py Adding URL https://dandiarchive.s3.amazonaws.com/girder-assetstore/6f/30/6f30f64fbb8d4e238d68e7a5699966b3?versionId=xlGNwEjbbgRajgHG8nkP_zrJ4kgbtIga to asset
2020-10-21T22:12:49-0400 [INFO    ] backups2datalad.py Syncing asset /sub-760696809/sub-760696809_ses-774367386_behavior+ophys.nwb
2020-10-21T22:12:49-0400 [INFO    ] backups2datalad.py Asset not in dataset; will copy
2020-10-21T22:12:49-0400 [INFO    ] backups2datalad.py cp /mnt/backup/dandi/dandiarchive-s3-backup/girder-assetstore/48/33/4833809e8e344ffc9ffd35d253b1044d -> /mnt/backup/dandi/dandisets/000039/sub-760696809/sub-760696809_ses-774367386_behavior+ophys.nwb
2020-10-21T22:12:49-0400 [INFO    ] backups2datalad.py Adding asset to dataset
2020-10-21T22:12:50-0400 [INFO    ] backups2datalad.py Adding URL https://dandiarchive.s3.amazonaws.com/girder-assetstore/48/33/4833809e8e344ffc9ffd35d253b1044d?versionId=SYSHAFxF6HDHjHTeJCYqFeBillOo_WFp to asset
2020-10-21T22:12:50-0400 [INFO    ] backups2datalad.py Syncing asset /sub-760696809/sub-760696809_ses-775405015_behavior+ophys.nwb
2020-10-21T22:12:51-0400 [INFO    ] backups2datalad.py Asset not in dataset; will copy
2020-10-21T22:12:51-0400 [INFO    ] backups2datalad.py cp /mnt/backup/dandi/dandiarchive-s3-backup/girder-assetstore/c3/04/c30474bcd16c4b31ae04982371f39074 -> /mnt/backup/dandi/dandisets/000039/sub-760696809/sub-760696809_ses-775405015_behavior+ophys.nwb
2020-10-21T22:12:51-0400 [INFO    ] backups2datalad.py Adding asset to dataset
2020-10-21T22:12:51-0400 [INFO    ] backups2datalad.py Adding URL https://dandiarchive.s3.amazonaws.com/girder-assetstore/c3/04/c30474bcd16c4b31ae04982371f39074?versionId=d.W43QzCUiel4Uy_efFw7s2w_pt3Ilec to asset
2020-10-21T22:12:52-0400 [INFO    ] backups2datalad.py Syncing asset /sub-760696809/sub-760696809_ses-776093851_behavior+ophys.nwb
2020-10-21T22:12:52-0400 [INFO    ] backups2datalad.py Asset not in dataset; will copy
2020-10-21T22:12:52-0400 [INFO    ] backups2datalad.py cp /mnt/backup/dandi/dandiarchive-s3-backup/girder-assetstore/a5/24/a52431981e454d8ab07c190d00ec384a -> /mnt/backup/dandi/dandisets/000039/sub-760696809/sub-760696809_ses-776093851_behavior+ophys.nwb
2020-10-21T22:12:52-0400 [INFO    ] backups2datalad.py Adding asset to dataset
2020-10-21T22:12:53-0400 [INFO    ] backups2datalad.py Adding URL https://dandiarchive.s3.amazonaws.com/girder-assetstore/a5/24/a52431981e454d8ab07c190d00ec384a?versionId=xPW.99wBjz7T_DrQ0XxrwLOLgFhBm3S9 to asset
2020-10-21T22:12:54-0400 [INFO    ] backups2datalad.py Syncing asset /sub-760933183/sub-760933183_ses-783618264_behavior+ophys.nwb
2020-10-21T22:12:54-0400 [INFO    ] backups2datalad.py Asset not in dataset; will copy
2020-10-21T22:12:54-0400 [INFO    ] backups2datalad.py cp /mnt/backup/dandi/dandiarchive-s3-backup/girder-assetstore/33/71/33710129f70746028d96c2fa5b808087 -> /mnt/backup/dandi/dandisets/000039/sub-760933183/sub-760933183_ses-783618264_behavior+ophys.nwb
2020-10-21T22:12:54-0400 [INFO    ] backups2datalad.py Adding asset to dataset
2020-10-21T22:12:55-0400 [INFO    ] backups2datalad.py Adding URL https://dandiarchive.s3.amazonaws.com/girder-assetstore/33/71/33710129f70746028d96c2fa5b808087?versionId=GA6L8Yw30sPv2AlsoLIU3tZ0v1d40RPF to asset
2020-10-21T22:12:56-0400 [INFO    ] backups2datalad.py Syncing asset /sub-760933183/sub-760933183_ses-787336135_behavior+ophys.nwb
2020-10-21T22:12:56-0400 [INFO    ] backups2datalad.py Asset not in dataset; will copy
2020-10-21T22:12:56-0400 [INFO    ] backups2datalad.py cp /mnt/backup/dandi/dandiarchive-s3-backup/girder-assetstore/f0/45/f04575d73b074ba3b12034bfbbbd0d71 -> /mnt/backup/dandi/dandisets/000039/sub-760933183/sub-760933183_ses-787336135_behavior+ophys.nwb
2020-10-21T22:12:56-0400 [INFO    ] backups2datalad.py Adding asset to dataset
2020-10-21T22:12:58-0400 [INFO    ] backups2datalad.py Adding URL https://dandiarchive.s3.amazonaws.com/girder-assetstore/f0/45/f04575d73b074ba3b12034bfbbbd0d71?versionId=hAPuTD3HeAoqdI6iC74kmNw7LlMPeRzw to asset
2020-10-21T22:12:58-0400 [INFO    ] backups2datalad.py Syncing asset /sub-760933183/sub-760933183_ses-788395529_behavior+ophys.nwb
2020-10-21T22:12:58-0400 [INFO    ] backups2datalad.py Asset not in dataset; will copy
2020-10-21T22:12:58-0400 [INFO    ] backups2datalad.py cp /mnt/backup/dandi/dandiarchive-s3-backup/girder-assetstore/84/c4/84c4dff17fc045d7bd48cb3c7fee2f02 -> /mnt/backup/dandi/dandisets/000039/sub-760933183/sub-760933183_ses-788395529_behavior+ophys.nwb
2020-10-21T22:12:58-0400 [INFO    ] backups2datalad.py Adding asset to dataset
2020-10-21T22:12:59-0400 [INFO    ] backups2datalad.py Adding URL https://dandiarchive.s3.amazonaws.com/girder-assetstore/84/c4/84c4dff17fc045d7bd48cb3c7fee2f02?versionId=UHpEHNF49oT_7EFRE1NImjAWlwfyIgWr to asset
2020-10-21T22:12:59-0400 [INFO    ] backups2datalad.py Syncing asset /sub-760933183/sub-760933183_ses-789270340_behavior+ophys.nwb
2020-10-21T22:13:00-0400 [INFO    ] backups2datalad.py Asset not in dataset; will copy
2020-10-21T22:13:00-0400 [INFO    ] backups2datalad.py cp /mnt/backup/dandi/dandiarchive-s3-backup/girder-assetstore/27/27/27272cdfaf3b43459bd8bcdf4b83c4d7 -> /mnt/backup/dandi/dandisets/000039/sub-760933183/sub-760933183_ses-789270340_behavior+ophys.nwb
2020-10-21T22:13:00-0400 [INFO    ] backups2datalad.py Adding asset to dataset
2020-10-21T22:13:00-0400 [INFO    ] backups2datalad.py Adding URL https://dandiarchive.s3.amazonaws.com/girder-assetstore/27/27/27272cdfaf3b43459bd8bcdf4b83c4d7?versionId=VFWh3d6GhBmOOOobIcLDCZ0.wknJHRl6 to asset
2020-10-21T22:13:01-0400 [INFO    ] backups2datalad.py Syncing asset /sub-760933183/sub-760933183_ses-790078838_behavior+ophys.nwb
2020-10-21T22:13:01-0400 [INFO    ] backups2datalad.py Asset not in dataset; will copy
2020-10-21T22:13:01-0400 [INFO    ] backups2datalad.py cp /mnt/backup/dandi/dandiarchive-s3-backup/girder-assetstore/4f/7a/4f7a50d8e66d470092118f13f91fabe9 -> /mnt/backup/dandi/dandisets/000039/sub-760933183/sub-760933183_ses-790078838_behavior+ophys.nwb
2020-10-21T22:13:01-0400 [INFO    ] backups2datalad.py Adding asset to dataset
2020-10-21T22:13:02-0400 [INFO    ] backups2datalad.py Adding URL https://dandiarchive.s3.amazonaws.com/girder-assetstore/4f/7a/4f7a50d8e66d470092118f13f91fabe9?versionId=okLMvaUjxtqt8QSvxtrX9IW0AWSWJEMA to asset
2020-10-21T22:13:02-0400 [INFO    ] backups2datalad.py Syncing asset /sub-760933183/sub-760933183_ses-790632329_behavior+ophys.nwb
2020-10-21T22:13:02-0400 [INFO    ] backups2datalad.py Asset not in dataset; will copy
2020-10-21T22:13:02-0400 [INFO    ] backups2datalad.py cp /mnt/backup/dandi/dandiarchive-s3-backup/girder-assetstore/52/b8/52b8bffdf1c1488b8c11358ab7ca0213 -> /mnt/backup/dandi/dandisets/000039/sub-760933183/sub-760933183_ses-790632329_behavior+ophys.nwb
2020-10-21T22:13:02-0400 [INFO    ] backups2datalad.py Adding asset to dataset
2020-10-21T22:13:04-0400 [INFO    ] backups2datalad.py Adding URL https://dandiarchive.s3.amazonaws.com/girder-assetstore/52/b8/52b8bffdf1c1488b8c11358ab7ca0213?versionId=4NChubQe11eOkeRkerc6k.4V3O6RBYkD to asset
2020-10-21T22:13:04-0400 [INFO    ] backups2datalad.py Syncing asset /sub-760933183/sub-760933183_ses-791373133_behavior+ophys.nwb
2020-10-21T22:13:05-0400 [INFO    ] backups2datalad.py Asset not in dataset; will copy
2020-10-21T22:13:05-0400 [INFO    ] backups2datalad.py cp /mnt/backup/dandi/dandiarchive-s3-backup/girder-assetstore/4a/b4/4ab4253129d24ed7bd6d6ae3463ce453 -> /mnt/backup/dandi/dandisets/000039/sub-760933183/sub-760933183_ses-791373133_behavior+ophys.nwb
2020-10-21T22:13:05-0400 [INFO    ] backups2datalad.py Adding asset to dataset
2020-10-21T22:13:06-0400 [INFO    ] backups2datalad.py Adding URL https://dandiarchive.s3.amazonaws.com/girder-assetstore/4a/b4/4ab4253129d24ed7bd6d6ae3463ce453?versionId=oqPrTnp7Duv3Pry6OSUNB3rRr3wY4RAq to asset
2020-10-21T22:13:06-0400 [INFO    ] backups2datalad.py Syncing asset /sub-760940732/sub-760940732_ses-791125374_behavior+ophys.nwb
2020-10-21T22:13:06-0400 [INFO    ] backups2datalad.py Asset not in dataset; will copy
2020-10-21T22:13:06-0400 [INFO    ] backups2datalad.py cp /mnt/backup/dandi/dandiarchive-s3-backup/girder-assetstore/48/8d/488da0be36b943c6a99f243e2702f5f1 -> /mnt/backup/dandi/dandisets/000039/sub-760940732/sub-760940732_ses-791125374_behavior+ophys.nwb
2020-10-21T22:13:06-0400 [INFO    ] backups2datalad.py Adding asset to dataset
2020-10-21T22:13:07-0400 [INFO    ] backups2datalad.py Adding URL https://dandiarchive.s3.amazonaws.com/girder-assetstore/48/8d/488da0be36b943c6a99f243e2702f5f1?versionId=fmWU1yDJ84jjwE.brLi5FinX726Ij2jB to asset
2020-10-21T22:13:07-0400 [INFO    ] backups2datalad.py Syncing asset /sub-760940732/sub-760940732_ses-791556785_behavior+ophys.nwb
2020-10-21T22:13:08-0400 [INFO    ] backups2datalad.py Asset not in dataset; will copy
2020-10-21T22:13:08-0400 [INFO    ] backups2datalad.py cp /mnt/backup/dandi/dandiarchive-s3-backup/girder-assetstore/41/a4/41a40ccd6598477abcc82b49bed3e3d8 -> /mnt/backup/dandi/dandisets/000039/sub-760940732/sub-760940732_ses-791556785_behavior+ophys.nwb
2020-10-21T22:13:08-0400 [INFO    ] backups2datalad.py Adding asset to dataset
2020-10-21T22:13:08-0400 [INFO    ] backups2datalad.py Adding URL https://dandiarchive.s3.amazonaws.com/girder-assetstore/41/a4/41a40ccd6598477abcc82b49bed3e3d8?versionId=.6BLVm8TGE91XN7zKBDlCEL8kZn89zXz to asset
2020-10-21T22:13:09-0400 [INFO    ] backups2datalad.py Syncing asset /sub-760940732/sub-760940732_ses-792319003_behavior+ophys.nwb
2020-10-21T22:13:09-0400 [INFO    ] backups2datalad.py Asset not in dataset; will copy
2020-10-21T22:13:09-0400 [INFO    ] backups2datalad.py cp /mnt/backup/dandi/dandiarchive-s3-backup/girder-assetstore/b1/39/b13965812b3a47048d0b6127a2112258 -> /mnt/backup/dandi/dandisets/000039/sub-760940732/sub-760940732_ses-792319003_behavior+ophys.nwb
2020-10-21T22:13:09-0400 [INFO    ] backups2datalad.py Adding asset to dataset
2020-10-21T22:13:10-0400 [INFO    ] backups2datalad.py Adding URL https://dandiarchive.s3.amazonaws.com/girder-assetstore/b1/39/b13965812b3a47048d0b6127a2112258?versionId=_4.0piNZ_Ik7IzholGHDy.fPf3v0zZbY to asset
2020-10-21T22:13:10-0400 [INFO    ] backups2datalad.py Syncing asset /sub-760940732/sub-760940732_ses-793874958_behavior+ophys.nwb
2020-10-21T22:13:10-0400 [INFO    ] backups2datalad.py Asset not in dataset; will copy
2020-10-21T22:13:10-0400 [INFO    ] backups2datalad.py cp /mnt/backup/dandi/dandiarchive-s3-backup/girder-assetstore/31/21/31214e8418b54f2abbe63ed985ccb97d -> /mnt/backup/dandi/dandisets/000039/sub-760940732/sub-760940732_ses-793874958_behavior+ophys.nwb
2020-10-21T22:13:10-0400 [INFO    ] backups2datalad.py Adding asset to dataset
2020-10-21T22:13:12-0400 [INFO    ] backups2datalad.py Adding URL https://dandiarchive.s3.amazonaws.com/girder-assetstore/31/21/31214e8418b54f2abbe63ed985ccb97d?versionId=28GxRlqcxgW5TWRX2ZqTrW27WJ.iebK2 to asset
2020-10-21T22:13:12-0400 [INFO    ] backups2datalad.py Syncing asset /sub-760984688/sub-760984688_ses-782956726_behavior+ophys.nwb
2020-10-21T22:13:12-0400 [INFO    ] backups2datalad.py Asset not in dataset; will copy
2020-10-21T22:13:12-0400 [INFO    ] backups2datalad.py cp /mnt/backup/dandi/dandiarchive-s3-backup/girder-assetstore/65/5a/655ac4a76bdc469d9ef6eb8af1c71d33 -> /mnt/backup/dandi/dandisets/000039/sub-760984688/sub-760984688_ses-782956726_behavior+ophys.nwb
2020-10-21T22:13:12-0400 [INFO    ] backups2datalad.py Adding asset to dataset
2020-10-21T22:13:13-0400 [INFO    ] backups2datalad.py Adding URL https://dandiarchive.s3.amazonaws.com/girder-assetstore/65/5a/655ac4a76bdc469d9ef6eb8af1c71d33?versionId=6qHakifHfsvAxphnB_lbtxOqqxpKhdj3 to asset
2020-10-21T22:13:13-0400 [INFO    ] backups2datalad.py Syncing asset /sub-760984688/sub-760984688_ses-783998921_behavior+ophys.nwb
2020-10-21T22:13:13-0400 [INFO    ] backups2datalad.py Asset not in dataset; will copy
2020-10-21T22:13:13-0400 [INFO    ] backups2datalad.py cp /mnt/backup/dandi/dandiarchive-s3-backup/girder-assetstore/6d/2f/6d2fce540a4d40aaae37b935761807b1 -> /mnt/backup/dandi/dandisets/000039/sub-760984688/sub-760984688_ses-783998921_behavior+ophys.nwb
2020-10-21T22:13:13-0400 [INFO    ] backups2datalad.py Adding asset to dataset
2020-10-21T22:13:14-0400 [INFO    ] backups2datalad.py Adding URL https://dandiarchive.s3.amazonaws.com/girder-assetstore/6d/2f/6d2fce540a4d40aaae37b935761807b1?versionId=wtvdZScy8FYXbBgy37VwdG3xSNv5P7RC to asset
2020-10-21T22:13:15-0400 [INFO    ] backups2datalad.py Syncing asset /sub-760984688/sub-760984688_ses-785370795_behavior+ophys.nwb
2020-10-21T22:13:15-0400 [INFO    ] backups2datalad.py Asset not in dataset; will copy
2020-10-21T22:13:15-0400 [INFO    ] backups2datalad.py cp /mnt/backup/dandi/dandiarchive-s3-backup/girder-assetstore/f4/48/f4488b0ed0774738b0e13d25702918a8 -> /mnt/backup/dandi/dandisets/000039/sub-760984688/sub-760984688_ses-785370795_behavior+ophys.nwb
2020-10-21T22:13:15-0400 [INFO    ] backups2datalad.py Adding asset to dataset
2020-10-21T22:13:18-0400 [INFO    ] backups2datalad.py Adding URL https://dandiarchive.s3.amazonaws.com/girder-assetstore/f4/48/f4488b0ed0774738b0e13d25702918a8?versionId=ELS.dhP8kcXdeswsVXiecmBEf9NdfRZh to asset
2020-10-21T22:13:18-0400 [INFO    ] backups2datalad.py Syncing asset /sub-760984688/sub-760984688_ses-786831938_behavior+ophys.nwb
2020-10-21T22:13:18-0400 [INFO    ] backups2datalad.py Asset not in dataset; will copy
2020-10-21T22:13:18-0400 [INFO    ] backups2datalad.py cp /mnt/backup/dandi/dandiarchive-s3-backup/girder-assetstore/b5/b9/b5b9af8a67a6473ab348689bf7523c1b -> /mnt/backup/dandi/dandisets/000039/sub-760984688/sub-760984688_ses-786831938_behavior+ophys.nwb
2020-10-21T22:13:18-0400 [INFO    ] backups2datalad.py Adding asset to dataset
2020-10-21T22:13:19-0400 [INFO    ] backups2datalad.py Adding URL https://dandiarchive.s3.amazonaws.com/girder-assetstore/b5/b9/b5b9af8a67a6473ab348689bf7523c1b?versionId=3kpfqZ.TC9iAKN8BcxCy4W..dZF6x0qD to asset
2020-10-21T22:13:19-0400 [INFO    ] backups2datalad.py Syncing asset /sub-760984688/sub-760984688_ses-787891349_behavior+ophys.nwb
2020-10-21T22:13:20-0400 [INFO    ] backups2datalad.py Asset not in dataset; will copy
2020-10-21T22:13:20-0400 [INFO    ] backups2datalad.py cp /mnt/backup/dandi/dandiarchive-s3-backup/girder-assetstore/aa/e2/aae20e243a494a4393f47dd19967492d -> /mnt/backup/dandi/dandisets/000039/sub-760984688/sub-760984688_ses-787891349_behavior+ophys.nwb
2020-10-21T22:13:20-0400 [INFO    ] backups2datalad.py Adding asset to dataset
2020-10-21T22:13:21-0400 [INFO    ] backups2datalad.py Adding URL https://dandiarchive.s3.amazonaws.com/girder-assetstore/aa/e2/aae20e243a494a4393f47dd19967492d?versionId=fuTd83Swh1nxAerRdXis4YWnTdqcmo8y to asset
2020-10-21T22:13:21-0400 [INFO    ] backups2datalad.py Syncing asset /sub-760984688/sub-760984688_ses-790243253_behavior+ophys.nwb
2020-10-21T22:13:22-0400 [INFO    ] backups2datalad.py Asset not in dataset; will copy
2020-10-21T22:13:22-0400 [INFO    ] backups2datalad.py cp /mnt/backup/dandi/dandiarchive-s3-backup/girder-assetstore/1a/69/1a69d406b280461f8b51e269053d44a0 -> /mnt/backup/dandi/dandisets/000039/sub-760984688/sub-760984688_ses-790243253_behavior+ophys.nwb
2020-10-21T22:13:22-0400 [INFO    ] backups2datalad.py Adding asset to dataset
2020-10-21T22:13:22-0400 [INFO    ] backups2datalad.py Adding URL https://dandiarchive.s3.amazonaws.com/girder-assetstore/1a/69/1a69d406b280461f8b51e269053d44a0?versionId=x_CPgWzgpRHpwu4CJ01c47uePotKfWSw to asset
2020-10-21T22:13:23-0400 [INFO    ] backups2datalad.py Syncing asset /sub-763247322/sub-763247322_ses-789877828_behavior+ophys.nwb
2020-10-21T22:13:23-0400 [INFO    ] backups2datalad.py Asset not in dataset; will copy
2020-10-21T22:13:23-0400 [INFO    ] backups2datalad.py cp /mnt/backup/dandi/dandiarchive-s3-backup/girder-assetstore/aa/26/aa26c917800f47b598faf26abc37db5f -> /mnt/backup/dandi/dandisets/000039/sub-763247322/sub-763247322_ses-789877828_behavior+ophys.nwb
2020-10-21T22:13:23-0400 [INFO    ] backups2datalad.py Adding asset to dataset
2020-10-21T22:13:24-0400 [INFO    ] backups2datalad.py Adding URL https://dandiarchive.s3.amazonaws.com/girder-assetstore/aa/26/aa26c917800f47b598faf26abc37db5f?versionId=1ehvm5xBwiQ8nH._P58QU7E9BHBf7tT2 to asset
2020-10-21T22:13:24-0400 [INFO    ] backups2datalad.py Syncing asset /sub-763248171/sub-763248171_ses-790073891_behavior+ophys.nwb
2020-10-21T22:13:24-0400 [INFO    ] backups2datalad.py Asset not in dataset; will copy
2020-10-21T22:13:24-0400 [INFO    ] backups2datalad.py cp /mnt/backup/dandi/dandiarchive-s3-backup/girder-assetstore/e4/3a/e43ac8bba95e48f7b375d381d8899c59 -> /mnt/backup/dandi/dandisets/000039/sub-763248171/sub-763248171_ses-790073891_behavior+ophys.nwb
2020-10-21T22:13:24-0400 [INFO    ] backups2datalad.py Adding asset to dataset
2020-10-21T22:13:25-0400 [INFO    ] backups2datalad.py Adding URL https://dandiarchive.s3.amazonaws.com/girder-assetstore/e4/3a/e43ac8bba95e48f7b375d381d8899c59?versionId=nQNxVvEX3hrwx.ktzD5tfQEVRAG6Dx1D to asset
2020-10-21T22:13:25-0400 [INFO    ] backups2datalad.py Syncing asset /sub-765991985/sub-765991985_ses-788605284_behavior+ophys.nwb
2020-10-21T22:13:26-0400 [INFO    ] backups2datalad.py Asset not in dataset; will copy
2020-10-21T22:13:26-0400 [INFO    ] backups2datalad.py cp /mnt/backup/dandi/dandiarchive-s3-backup/girder-assetstore/5a/ac/5aacd821a23241b2b9367bcbcafd037e -> /mnt/backup/dandi/dandisets/000039/sub-765991985/sub-765991985_ses-788605284_behavior+ophys.nwb
2020-10-21T22:13:26-0400 [INFO    ] backups2datalad.py Adding asset to dataset
2020-10-21T22:13:27-0400 [INFO    ] backups2datalad.py Adding URL https://dandiarchive.s3.amazonaws.com/girder-assetstore/5a/ac/5aacd821a23241b2b9367bcbcafd037e?versionId=iCMx9aAwUmAC8xiMVP7eevaqtVuiZiwF to asset
2020-10-21T22:13:28-0400 [INFO    ] backups2datalad.py Syncing asset /sub-765991985/sub-765991985_ses-789682189_behavior+ophys.nwb
2020-10-21T22:13:28-0400 [INFO    ] backups2datalad.py Asset not in dataset; will copy
2020-10-21T22:13:28-0400 [INFO    ] backups2datalad.py cp /mnt/backup/dandi/dandiarchive-s3-backup/girder-assetstore/39/1e/391e3b296a604699aee3cfd869c11e67 -> /mnt/backup/dandi/dandisets/000039/sub-765991985/sub-765991985_ses-789682189_behavior+ophys.nwb
2020-10-21T22:13:28-0400 [INFO    ] backups2datalad.py Adding asset to dataset
2020-10-21T22:13:32-0400 [INFO    ] backups2datalad.py Adding URL https://dandiarchive.s3.amazonaws.com/girder-assetstore/39/1e/391e3b296a604699aee3cfd869c11e67?versionId=2wO6y7YH2_jC2yUN4OyH7uBfXRbAAXH7 to asset
2020-10-21T22:13:32-0400 [INFO    ] backups2datalad.py Syncing asset /sub-765991985/sub-765991985_ses-791120861_behavior+ophys.nwb
2020-10-21T22:13:32-0400 [INFO    ] backups2datalad.py Asset not in dataset; will copy
2020-10-21T22:13:32-0400 [INFO    ] backups2datalad.py cp /mnt/backup/dandi/dandiarchive-s3-backup/girder-assetstore/da/d5/dad5e6f2db79487c9159e6e941472d7b -> /mnt/backup/dandi/dandisets/000039/sub-765991985/sub-765991985_ses-791120861_behavior+ophys.nwb
2020-10-21T22:13:32-0400 [INFO    ] backups2datalad.py Adding asset to dataset
2020-10-21T22:13:35-0400 [INFO    ] backups2datalad.py Adding URL https://dandiarchive.s3.amazonaws.com/girder-assetstore/da/d5/dad5e6f2db79487c9159e6e941472d7b?versionId=QrGBkuFKmdTxCL974bUOk_IrlUw2P7Xs to asset
2020-10-21T22:13:35-0400 [INFO    ] backups2datalad.py Syncing asset /sub-769316535/sub-769316535_ses-790636906_behavior+ophys.nwb
2020-10-21T22:13:35-0400 [INFO    ] backups2datalad.py Asset not in dataset; will copy
2020-10-21T22:13:35-0400 [INFO    ] backups2datalad.py cp /mnt/backup/dandi/dandiarchive-s3-backup/girder-assetstore/83/98/8398bb4fcb514638b77955b2780aeb13 -> /mnt/backup/dandi/dandisets/000039/sub-769316535/sub-769316535_ses-790636906_behavior+ophys.nwb
2020-10-21T22:13:35-0400 [INFO    ] backups2datalad.py Adding asset to dataset
2020-10-21T22:13:37-0400 [INFO    ] backups2datalad.py Adding URL https://dandiarchive.s3.amazonaws.com/girder-assetstore/83/98/8398bb4fcb514638b77955b2780aeb13?versionId=LvP3OvRKb3zIvGuHrxuTcrDNnSvbfyDe to asset
2020-10-21T22:13:38-0400 [INFO    ] backups2datalad.py Syncing asset /sub-769316535/sub-769316535_ses-791869626_behavior+ophys.nwb
2020-10-21T22:13:38-0400 [INFO    ] backups2datalad.py Asset not in dataset; will copy
2020-10-21T22:13:38-0400 [INFO    ] backups2datalad.py cp /mnt/backup/dandi/dandiarchive-s3-backup/girder-assetstore/57/4a/574af02935af463496e7d36be3a9f937 -> /mnt/backup/dandi/dandisets/000039/sub-769316535/sub-769316535_ses-791869626_behavior+ophys.nwb
2020-10-21T22:13:38-0400 [INFO    ] backups2datalad.py Adding asset to dataset
2020-10-21T22:13:40-0400 [INFO    ] backups2datalad.py Adding URL https://dandiarchive.s3.amazonaws.com/girder-assetstore/57/4a/574af02935af463496e7d36be3a9f937?versionId=843qN6L64uXSrHZDVplbN5K7opFLTVa8 to asset
2020-10-21T22:13:40-0400 [INFO    ] backups2datalad.py Syncing asset /sub-769316535/sub-769316535_ses-794971808_behavior+ophys.nwb
2020-10-21T22:13:41-0400 [INFO    ] backups2datalad.py Asset not in dataset; will copy
2020-10-21T22:13:41-0400 [INFO    ] backups2datalad.py cp /mnt/backup/dandi/dandiarchive-s3-backup/girder-assetstore/17/f3/17f381616f1544dca6c52aa8e6e2fe73 -> /mnt/backup/dandi/dandisets/000039/sub-769316535/sub-769316535_ses-794971808_behavior+ophys.nwb
2020-10-21T22:13:41-0400 [INFO    ] backups2datalad.py Adding asset to dataset
2020-10-21T22:13:43-0400 [INFO    ] backups2datalad.py Adding URL https://dandiarchive.s3.amazonaws.com/girder-assetstore/17/f3/17f381616f1544dca6c52aa8e6e2fe73?versionId=ZZbVjcXWoQEmV6v0A9wflCxGKlTmwUb0 to asset
2020-10-21T22:13:43-0400 [INFO    ] backups2datalad.py Syncing asset /sub-769316535/sub-769316535_ses-795892214_behavior+ophys.nwb
2020-10-21T22:13:44-0400 [INFO    ] backups2datalad.py Asset not in dataset; will copy
2020-10-21T22:13:44-0400 [INFO    ] backups2datalad.py cp /mnt/backup/dandi/dandiarchive-s3-backup/girder-assetstore/6e/66/6e66e30bc592450abdc2b6de5364db5a -> /mnt/backup/dandi/dandisets/000039/sub-769316535/sub-769316535_ses-795892214_behavior+ophys.nwb
2020-10-21T22:13:44-0400 [INFO    ] backups2datalad.py Adding asset to dataset
2020-10-21T22:13:46-0400 [INFO    ] backups2datalad.py Adding URL https://dandiarchive.s3.amazonaws.com/girder-assetstore/6e/66/6e66e30bc592450abdc2b6de5364db5a?versionId=ajzPoiwh5vMbAdAAB9ZIs9_r3vEBb02K to asset
2020-10-21T22:13:46-0400 [INFO    ] backups2datalad.py Syncing asset /sub-769316535/sub-769316535_ses-797016848_behavior+ophys.nwb
2020-10-21T22:13:47-0400 [INFO    ] backups2datalad.py Asset not in dataset; will copy
2020-10-21T22:13:47-0400 [INFO    ] backups2datalad.py cp /mnt/backup/dandi/dandiarchive-s3-backup/girder-assetstore/8f/a9/8fa9e6422f0d4a27895b29130f7172f7 -> /mnt/backup/dandi/dandisets/000039/sub-769316535/sub-769316535_ses-797016848_behavior+ophys.nwb
2020-10-21T22:13:47-0400 [INFO    ] backups2datalad.py Adding asset to dataset
2020-10-21T22:13:48-0400 [INFO    ] backups2datalad.py Adding URL https://dandiarchive.s3.amazonaws.com/girder-assetstore/8f/a9/8fa9e6422f0d4a27895b29130f7172f7?versionId=nTFQuRIMabXWsY4HXDB7ZQrlUmt4wjx7 to asset
2020-10-21T22:13:49-0400 [INFO    ] backups2datalad.py Syncing asset /sub-769316535/sub-769316535_ses-799883837_behavior+ophys.nwb
2020-10-21T22:13:49-0400 [INFO    ] backups2datalad.py Asset not in dataset; will copy
2020-10-21T22:13:49-0400 [INFO    ] backups2datalad.py cp /mnt/backup/dandi/dandiarchive-s3-backup/girder-assetstore/cc/37/cc3770b79eb14b8294934bba713de70f -> /mnt/backup/dandi/dandisets/000039/sub-769316535/sub-769316535_ses-799883837_behavior+ophys.nwb
2020-10-21T22:13:49-0400 [INFO    ] backups2datalad.py Adding asset to dataset
2020-10-21T22:13:50-0400 [INFO    ] backups2datalad.py Adding URL https://dandiarchive.s3.amazonaws.com/girder-assetstore/cc/37/cc3770b79eb14b8294934bba713de70f?versionId=MhWPhKhouZNznrn43A133dS6zNN0PAtv to asset
2020-10-21T22:13:50-0400 [INFO    ] backups2datalad.py Syncing asset /sub-769316535/sub-769316535_ses-802473591_behavior+ophys.nwb
2020-10-21T22:13:50-0400 [INFO    ] backups2datalad.py Asset not in dataset; will copy
2020-10-21T22:13:50-0400 [INFO    ] backups2datalad.py cp /mnt/backup/dandi/dandiarchive-s3-backup/girder-assetstore/fa/ba/fababccdf3d64607957597f0942eb48f -> /mnt/backup/dandi/dandisets/000039/sub-769316535/sub-769316535_ses-802473591_behavior+ophys.nwb
2020-10-21T22:13:50-0400 [INFO    ] backups2datalad.py Adding asset to dataset
2020-10-21T22:13:52-0400 [INFO    ] backups2datalad.py Adding URL https://dandiarchive.s3.amazonaws.com/girder-assetstore/fa/ba/fababccdf3d64607957597f0942eb48f?versionId=gZHjPimT6eSE8lYk43gaOoi0VuJvM0R2 to asset
2020-10-21T22:13:52-0400 [INFO    ] backups2datalad.py Syncing asset /sub-772622312/sub-772622312_ses-806050255_behavior+ophys.nwb
2020-10-21T22:13:52-0400 [INFO    ] backups2datalad.py Asset not in dataset; will copy
2020-10-21T22:13:52-0400 [INFO    ] backups2datalad.py cp /mnt/backup/dandi/dandiarchive-s3-backup/girder-assetstore/2d/94/2d94f5c46d68441ba67e23b5c6e09cc7 -> /mnt/backup/dandi/dandisets/000039/sub-772622312/sub-772622312_ses-806050255_behavior+ophys.nwb
2020-10-21T22:13:52-0400 [INFO    ] backups2datalad.py Adding asset to dataset
2020-10-21T22:14:00-0400 [INFO    ] backups2datalad.py Adding URL https://dandiarchive.s3.amazonaws.com/girder-assetstore/2d/94/2d94f5c46d68441ba67e23b5c6e09cc7?versionId=dUvC.6aZT7coVQK0_kNEmsOfSywnwq_j to asset
2020-10-21T22:14:01-0400 [INFO    ] backups2datalad.py Syncing asset /sub-772649832/sub-772649832_ses-803232810_behavior+ophys.nwb
2020-10-21T22:14:01-0400 [INFO    ] backups2datalad.py Asset not in dataset; will copy
2020-10-21T22:14:01-0400 [INFO    ] backups2datalad.py cp /mnt/backup/dandi/dandiarchive-s3-backup/girder-assetstore/15/65/156588a613b24e50bae6f59ee16a1e57 -> /mnt/backup/dandi/dandisets/000039/sub-772649832/sub-772649832_ses-803232810_behavior+ophys.nwb
2020-10-21T22:14:01-0400 [INFO    ] backups2datalad.py Adding asset to dataset
2020-10-21T22:14:03-0400 [INFO    ] backups2datalad.py Adding URL https://dandiarchive.s3.amazonaws.com/girder-assetstore/15/65/156588a613b24e50bae6f59ee16a1e57?versionId=7kh9ovvr04rv6KLn9KWFX8gW4nq6Zm6q to asset
2020-10-21T22:14:04-0400 [INFO    ] backups2datalad.py Syncing asset /sub-772649832/sub-772649832_ses-804714847_behavior+ophys.nwb
2020-10-21T22:14:04-0400 [INFO    ] backups2datalad.py Asset not in dataset; will copy
2020-10-21T22:14:04-0400 [INFO    ] backups2datalad.py cp /mnt/backup/dandi/dandiarchive-s3-backup/girder-assetstore/e6/81/e68164bbed844b2d8f1b164095ac8b21 -> /mnt/backup/dandi/dandisets/000039/sub-772649832/sub-772649832_ses-804714847_behavior+ophys.nwb
2020-10-21T22:14:06-0400 [INFO    ] backups2datalad.py Adding asset to dataset
2020-10-21T22:14:08-0400 [INFO    ] backups2datalad.py Adding URL https://dandiarchive.s3.amazonaws.com/girder-assetstore/e6/81/e68164bbed844b2d8f1b164095ac8b21?versionId=JUg_qqfx0vFlSAH.ynmOzJ7CScPFoEHQ to asset
2020-10-21T22:14:08-0400 [INFO    ] backups2datalad.py Syncing asset /sub-772656187/sub-772656187_ses-800171732_behavior+ophys.nwb
2020-10-21T22:14:09-0400 [INFO    ] backups2datalad.py Asset not in dataset; will copy
2020-10-21T22:14:09-0400 [INFO    ] backups2datalad.py cp /mnt/backup/dandi/dandiarchive-s3-backup/girder-assetstore/45/82/4582e33def574adb8319d0038125fa91 -> /mnt/backup/dandi/dandisets/000039/sub-772656187/sub-772656187_ses-800171732_behavior+ophys.nwb
2020-10-21T22:14:09-0400 [INFO    ] backups2datalad.py Adding asset to dataset
2020-10-21T22:14:10-0400 [INFO    ] backups2datalad.py Adding URL https://dandiarchive.s3.amazonaws.com/girder-assetstore/45/82/4582e33def574adb8319d0038125fa91?versionId=0UV9VXBbMkmN4avgWd5ofWxzyQPsjWur to asset
2020-10-21T22:14:11-0400 [INFO    ] backups2datalad.py Syncing asset /sub-772656187/sub-772656187_ses-802500210_behavior+ophys.nwb
2020-10-21T22:14:11-0400 [INFO    ] backups2datalad.py Asset not in dataset; will copy
2020-10-21T22:14:11-0400 [INFO    ] backups2datalad.py cp /mnt/backup/dandi/dandiarchive-s3-backup/girder-assetstore/98/3c/983c1ae64c1b4280a86fca074779ddf5 -> /mnt/backup/dandi/dandisets/000039/sub-772656187/sub-772656187_ses-802500210_behavior+ophys.nwb
2020-10-21T22:14:11-0400 [INFO    ] backups2datalad.py Adding asset to dataset
2020-10-21T22:14:13-0400 [INFO    ] backups2datalad.py Adding URL https://dandiarchive.s3.amazonaws.com/girder-assetstore/98/3c/983c1ae64c1b4280a86fca074779ddf5?versionId=iQy4EfY9Yxv1TwI5iHTHC7ir1sKWqVDi to asset
2020-10-21T22:14:14-0400 [INFO    ] backups2datalad.py Syncing asset /sub-772656187/sub-772656187_ses-802941425_behavior+ophys.nwb
2020-10-21T22:14:14-0400 [INFO    ] backups2datalad.py Asset not in dataset; will copy
2020-10-21T22:14:14-0400 [INFO    ] backups2datalad.py cp /mnt/backup/dandi/dandiarchive-s3-backup/girder-assetstore/e7/70/e770878a2df74e498898afa51f5b3dc0 -> /mnt/backup/dandi/dandisets/000039/sub-772656187/sub-772656187_ses-802941425_behavior+ophys.nwb
2020-10-21T22:14:14-0400 [INFO    ] backups2datalad.py Adding asset to dataset
2020-10-21T22:14:18-0400 [INFO    ] backups2datalad.py Adding URL https://dandiarchive.s3.amazonaws.com/girder-assetstore/e7/70/e770878a2df74e498898afa51f5b3dc0?versionId=GcYYEK8HQJg3LnqRgqBHYrOiqMrt.dfW to asset
2020-10-21T22:14:19-0400 [INFO    ] backups2datalad.py Commiting changes
